Reading /openlane/designs/i_tree/runs/RUN_2024.04.17_14.14.50/results/signoff/i_tree.gds ..
Reading /openlane/designs/i_tree/runs/RUN_2024.04.17_14.14.50/results/signoff/i_tree.klayout.gds ..
--- Running XOR for layer 122/16 ---
"input" in: xor.drc:94
    Polygons (raw): 533 (flat)  47 (hierarchical)
    Elapsed: 0.000s  Memory: 357.00M
"input" in: xor.drc:94
    Polygons (raw): 533 (flat)  47 (hierarchical)
    Elapsed: 0.000s  Memory: 357.00M
"^" in: xor.drc:94
    Polygons (raw): 0 (flat)  0 (hierarchical)
    Elapsed: 0.000s  Memory: 358.00M
XOR differences: 0
"output" in: xor.drc:69
    Polygons (raw): 0 (flat)  0 (hierarchical)
    Elapsed: 0.000s  Memory: 358.00M
--- Running XOR for layer 235/4 ---
"input" in: xor.drc:94
    Polygons (raw): 1 (flat)  1 (hierarchical)
    Elapsed: 0.000s  Memory: 358.00M
"input" in: xor.drc:94
    Polygons (raw): 1 (flat)  1 (hierarchical)
    Elapsed: 0.000s  Memory: 358.00M
"^" in: xor.drc:94
    Polygons (raw): 0 (flat)  0 (hierarchical)
    Elapsed: 0.010s  Memory: 358.00M
XOR differences: 0
"output" in: xor.drc:69
    Polygons (raw): 0 (flat)  0 (hierarchical)
    Elapsed: 0.000s  Memory: 358.00M
--- Running XOR for layer 236/0 ---
"input" in: xor.drc:94
    Polygons (raw): 412 (flat)  43 (hierarchical)
    Elapsed: 0.000s  Memory: 358.00M
"input" in: xor.drc:94
    Polygons (raw): 412 (flat)  43 (hierarchical)
    Elapsed: 0.000s  Memory: 358.00M
"^" in: xor.drc:94
    Polygons (raw): 0 (flat)  0 (hierarchical)
    Elapsed: 0.000s  Memory: 358.00M
XOR differences: 0
"output" in: xor.drc:69
    Polygons (raw): 0 (flat)  0 (hierarchical)
    Elapsed: 0.000s  Memory: 358.00M
--- Running XOR for layer 64/16 ---
"input" in: xor.drc:94
    Polygons (raw): 532 (flat)  46 (hierarchical)
    Elapsed: 0.000s  Memory: 358.00M
"input" in: xor.drc:94
    Polygons (raw): 532 (flat)  46 (hierarchical)
    Elapsed: 0.000s  Memory: 358.00M
"^" in: xor.drc:94
    Polygons (raw): 0 (flat)  0 (hierarchical)
    Elapsed: 0.010s  Memory: 358.00M
XOR differences: 0
"output" in: xor.drc:69
    Polygons (raw): 0 (flat)  0 (hierarchical)
    Elapsed: 0.000s  Memory: 358.00M
--- Running XOR for layer 64/20 ---
"input" in: xor.drc:94
    Polygons (raw): 592 (flat)  46 (hierarchical)
    Elapsed: 0.000s  Memory: 358.00M
"input" in: xor.drc:94
    Polygons (raw): 592 (flat)  46 (hierarchical)
    Elapsed: 0.000s  Memory: 358.00M
"^" in: xor.drc:94
    Polygons (raw): 0 (flat)  0 (hierarchical)
    Elapsed: 0.010s  Memory: 358.00M
XOR differences: 0
"output" in: xor.drc:69
    Polygons (raw): 0 (flat)  0 (hierarchical)
    Elapsed: 0.000s  Memory: 358.00M
--- Running XOR for layer 64/5 ---
"input" in: xor.drc:94
    Polygons (raw): 0 (flat)  0 (hierarchical)
    Elapsed: 0.000s  Memory: 358.00M
"input" in: xor.drc:94
    Polygons (raw): 0 (flat)  0 (hierarchical)
    Elapsed: 0.000s  Memory: 358.00M
"^" in: xor.drc:94
    Polygons (raw): 0 (flat)  0 (hierarchical)
    Elapsed: 0.000s  Memory: 358.00M
XOR differences: 0
"output" in: xor.drc:69
    Polygons (raw): 0 (flat)  0 (hierarchical)
    Elapsed: 0.000s  Memory: 358.00M
--- Running XOR for layer 64/59 ---
"input" in: xor.drc:94
    Polygons (raw): 0 (flat)  0 (hierarchical)
    Elapsed: 0.000s  Memory: 358.00M
"input" in: xor.drc:94
    Polygons (raw): 0 (flat)  0 (hierarchical)
    Elapsed: 0.000s  Memory: 358.00M
"^" in: xor.drc:94
    Polygons (raw): 0 (flat)  0 (hierarchical)
    Elapsed: 0.000s  Memory: 358.00M
XOR differences: 0
"output" in: xor.drc:69
    Polygons (raw): 0 (flat)  0 (hierarchical)
    Elapsed: 0.000s  Memory: 358.00M
--- Running XOR for layer 65/20 ---
"input" in: xor.drc:94
    Polygons (raw): 1224 (flat)  124 (hierarchical)
    Elapsed: 0.000s  Memory: 358.00M
"input" in: xor.drc:94
    Polygons (raw): 1224 (flat)  124 (hierarchical)
    Elapsed: 0.000s  Memory: 358.00M
"^" in: xor.drc:94
    Polygons (raw): 0 (flat)  0 (hierarchical)
    Elapsed: 0.010s  Memory: 358.00M
XOR differences: 0
"output" in: xor.drc:69
    Polygons (raw): 0 (flat)  0 (hierarchical)
    Elapsed: 0.000s  Memory: 358.00M
--- Running XOR for layer 65/44 ---
"input" in: xor.drc:94
    Polygons (raw): 130 (flat)  2 (hierarchical)
    Elapsed: 0.000s  Memory: 358.00M
"input" in: xor.drc:94
    Polygons (raw): 130 (flat)  2 (hierarchical)
    Elapsed: 0.000s  Memory: 358.00M
"^" in: xor.drc:94
    Polygons (raw): 0 (flat)  0 (hierarchical)
    Elapsed: 0.010s  Memory: 358.00M
XOR differences: 0
"output" in: xor.drc:69
    Polygons (raw): 0 (flat)  0 (hierarchical)
    Elapsed: 0.000s  Memory: 358.00M
--- Running XOR for layer 66/20 ---
"input" in: xor.drc:94
    Polygons (raw): 1884 (flat)  205 (hierarchical)
    Elapsed: 0.000s  Memory: 358.00M
"input" in: xor.drc:94
    Polygons (raw): 1884 (flat)  205 (hierarchical)
    Elapsed: 0.000s  Memory: 358.00M
"^" in: xor.drc:94
    Polygons (raw): 0 (flat)  0 (hierarchical)
    Elapsed: 0.020s  Memory: 358.00M
XOR differences: 0
"output" in: xor.drc:69
    Polygons (raw): 0 (flat)  0 (hierarchical)
    Elapsed: 0.000s  Memory: 358.00M
--- Running XOR for layer 66/44 ---
"input" in: xor.drc:94
    Polygons (raw): 7607 (flat)  969 (hierarchical)
    Elapsed: 0.000s  Memory: 358.00M
"input" in: xor.drc:94
    Polygons (raw): 7607 (flat)  969 (hierarchical)
    Elapsed: 0.000s  Memory: 358.00M
"^" in: xor.drc:94
    Polygons (raw): 0 (flat)  0 (hierarchical)
    Elapsed: 0.040s  Memory: 358.00M
XOR differences: 0
"output" in: xor.drc:69
    Polygons (raw): 0 (flat)  0 (hierarchical)
    Elapsed: 0.000s  Memory: 358.00M
--- Running XOR for layer 67/16 ---
"input" in: xor.drc:94
    Polygons (raw): 1777 (flat)  310 (hierarchical)
    Elapsed: 0.000s  Memory: 358.00M
"input" in: xor.drc:94
    Polygons (raw): 1777 (flat)  310 (hierarchical)
    Elapsed: 0.000s  Memory: 358.00M
"^" in: xor.drc:94
    Polygons (raw): 0 (flat)  0 (hierarchical)
    Elapsed: 0.000s  Memory: 359.00M
XOR differences: 0
"output" in: xor.drc:69
    Polygons (raw): 0 (flat)  0 (hierarchical)
    Elapsed: 0.000s  Memory: 359.00M
--- Running XOR for layer 67/20 ---
"input" in: xor.drc:94
    Polygons (raw): 4449 (flat)  1063 (hierarchical)
    Elapsed: 0.000s  Memory: 359.00M
"input" in: xor.drc:94
    Polygons (raw): 4449 (flat)  385 (hierarchical)
    Elapsed: 0.000s  Memory: 359.00M
"^" in: xor.drc:94
    Polygons (raw): 0 (flat)  0 (hierarchical)
    Elapsed: 0.050s  Memory: 360.00M
XOR differences: 0
"output" in: xor.drc:69
    Polygons (raw): 0 (flat)  0 (hierarchical)
    Elapsed: 0.000s  Memory: 360.00M
--- Running XOR for layer 67/44 ---
"input" in: xor.drc:94
    Polygons (raw): 8109 (flat)  1363 (hierarchical)
    Elapsed: 0.000s  Memory: 360.00M
"input" in: xor.drc:94
    Polygons (raw): 8109 (flat)  685 (hierarchical)
    Elapsed: 0.000s  Memory: 360.00M
"^" in: xor.drc:94
    Polygons (raw): 0 (flat)  0 (hierarchical)
    Elapsed: 0.050s  Memory: 360.00M
XOR differences: 0
"output" in: xor.drc:69
    Polygons (raw): 0 (flat)  0 (hierarchical)
    Elapsed: 0.000s  Memory: 360.00M
--- Running XOR for layer 67/5 ---
"input" in: xor.drc:94
    Polygons (raw): 0 (flat)  0 (hierarchical)
    Elapsed: 0.000s  Memory: 360.00M
"input" in: xor.drc:94
    Polygons (raw): 0 (flat)  0 (hierarchical)
    Elapsed: 0.000s  Memory: 360.00M
"^" in: xor.drc:94
    Polygons (raw): 0 (flat)  0 (hierarchical)
    Elapsed: 0.000s  Memory: 360.00M
XOR differences: 0
"output" in: xor.drc:69
    Polygons (raw): 0 (flat)  0 (hierarchical)
    Elapsed: 0.000s  Memory: 360.00M
--- Running XOR for layer 68/16 ---
"input" in: xor.drc:94
    Polygons (raw): 1184 (flat)  92 (hierarchical)
    Elapsed: 0.000s  Memory: 360.00M
"input" in: xor.drc:94
    Polygons (raw): 1184 (flat)  92 (hierarchical)
    Elapsed: 0.000s  Memory: 360.00M
"^" in: xor.drc:94
    Polygons (raw): 0 (flat)  0 (hierarchical)
    Elapsed: 0.010s  Memory: 360.00M
XOR differences: 0
"output" in: xor.drc:69
    Polygons (raw): 0 (flat)  0 (hierarchical)
    Elapsed: 0.000s  Memory: 360.00M
--- Running XOR for layer 68/20 ---
"input" in: xor.drc:94
    Polygons (raw): 4451 (flat)  3001 (hierarchical)
    Elapsed: 0.000s  Memory: 360.00M
"input" in: xor.drc:94
    Polygons (raw): 3952 (flat)  1050 (hierarchical)
    Elapsed: 0.000s  Memory: 360.00M
"^" in: xor.drc:94
    Polygons (raw): 0 (flat)  0 (hierarchical)
    Elapsed: 0.040s  Memory: 361.00M
XOR differences: 0
"output" in: xor.drc:69
    Polygons (raw): 0 (flat)  0 (hierarchical)
    Elapsed: 0.000s  Memory: 361.00M
--- Running XOR for layer 68/44 ---
"input" in: xor.drc:94
    Polygons (raw): 1176 (flat)  1176 (hierarchical)
    Elapsed: 0.000s  Memory: 361.00M
"input" in: xor.drc:94
    Polygons (raw): 1176 (flat)  6 (hierarchical)
    Elapsed: 0.000s  Memory: 361.00M
"^" in: xor.drc:94
    Polygons (raw): 0 (flat)  0 (hierarchical)
    Elapsed: 0.010s  Memory: 361.00M
XOR differences: 0
"output" in: xor.drc:69
    Polygons (raw): 0 (flat)  0 (hierarchical)
    Elapsed: 0.000s  Memory: 361.00M
--- Running XOR for layer 68/5 ---
"input" in: xor.drc:94
    Polygons (raw): 0 (flat)  0 (hierarchical)
    Elapsed: 0.000s  Memory: 361.00M
"input" in: xor.drc:94
    Polygons (raw): 0 (flat)  0 (hierarchical)
    Elapsed: 0.000s  Memory: 361.00M
"^" in: xor.drc:94
    Polygons (raw): 0 (flat)  0 (hierarchical)
    Elapsed: 0.000s  Memory: 361.00M
XOR differences: 0
"output" in: xor.drc:69
    Polygons (raw): 0 (flat)  0 (hierarchical)
    Elapsed: 0.000s  Memory: 361.00M
--- Running XOR for layer 69/16 ---
"input" in: xor.drc:94
    Polygons (raw): 2 (flat)  2 (hierarchical)
    Elapsed: 0.000s  Memory: 361.00M
"input" in: xor.drc:94
    Polygons (raw): 2 (flat)  2 (hierarchical)
    Elapsed: 0.000s  Memory: 361.00M
"^" in: xor.drc:94
    Polygons (raw): 0 (flat)  0 (hierarchical)
    Elapsed: 0.010s  Memory: 361.00M
XOR differences: 0
"output" in: xor.drc:69
    Polygons (raw): 0 (flat)  0 (hierarchical)
    Elapsed: 0.000s  Memory: 361.00M
--- Running XOR for layer 69/20 ---
"input" in: xor.drc:94
    Polygons (raw): 1259 (flat)  1259 (hierarchical)
    Elapsed: 0.000s  Memory: 361.00M
"input" in: xor.drc:94
    Polygons (raw): 1445 (flat)  560 (hierarchical)
    Elapsed: 0.000s  Memory: 361.00M
"^" in: xor.drc:94
    Polygons (raw): 0 (flat)  0 (hierarchical)
    Elapsed: 0.010s  Memory: 361.00M
XOR differences: 0
"output" in: xor.drc:69
    Polygons (raw): 0 (flat)  0 (hierarchical)
    Elapsed: 0.000s  Memory: 361.00M
--- Running XOR for layer 69/44 ---
"input" in: xor.drc:94
    Polygons (raw): 413 (flat)  413 (hierarchical)
    Elapsed: 0.000s  Memory: 361.00M
"input" in: xor.drc:94
    Polygons (raw): 413 (flat)  5 (hierarchical)
    Elapsed: 0.000s  Memory: 361.00M
"^" in: xor.drc:94
    Polygons (raw): 0 (flat)  0 (hierarchical)
    Elapsed: 0.010s  Memory: 361.00M
XOR differences: 0
"output" in: xor.drc:69
    Polygons (raw): 0 (flat)  0 (hierarchical)
    Elapsed: 0.000s  Memory: 361.00M
--- Running XOR for layer 69/5 ---
"input" in: xor.drc:94
    Polygons (raw): 0 (flat)  0 (hierarchical)
    Elapsed: 0.000s  Memory: 361.00M
"input" in: xor.drc:94
    Polygons (raw): 0 (flat)  0 (hierarchical)
    Elapsed: 0.000s  Memory: 361.00M
"^" in: xor.drc:94
    Polygons (raw): 0 (flat)  0 (hierarchical)
    Elapsed: 0.000s  Memory: 361.00M
XOR differences: 0
"output" in: xor.drc:69
    Polygons (raw): 0 (flat)  0 (hierarchical)
    Elapsed: 0.000s  Memory: 361.00M
--- Running XOR for layer 70/16 ---
"input" in: xor.drc:94
    Polygons (raw): 2 (flat)  2 (hierarchical)
    Elapsed: 0.000s  Memory: 361.00M
"input" in: xor.drc:94
    Polygons (raw): 2 (flat)  2 (hierarchical)
    Elapsed: 0.000s  Memory: 361.00M
"^" in: xor.drc:94
    Polygons (raw): 0 (flat)  0 (hierarchical)
    Elapsed: 0.000s  Memory: 361.00M
XOR differences: 0
"output" in: xor.drc:69
    Polygons (raw): 0 (flat)  0 (hierarchical)
    Elapsed: 0.000s  Memory: 361.00M
--- Running XOR for layer 70/20 ---
"input" in: xor.drc:94
    Polygons (raw): 137 (flat)  137 (hierarchical)
    Elapsed: 0.000s  Memory: 361.00M
"input" in: xor.drc:94
    Polygons (raw): 323 (flat)  113 (hierarchical)
    Elapsed: 0.000s  Memory: 361.00M
"^" in: xor.drc:94
    Polygons (raw): 0 (flat)  0 (hierarchical)
    Elapsed: 0.010s  Memory: 361.00M
XOR differences: 0
"output" in: xor.drc:69
    Polygons (raw): 0 (flat)  0 (hierarchical)
    Elapsed: 0.000s  Memory: 361.00M
--- Running XOR for layer 70/44 ---
"input" in: xor.drc:94
    Polygons (raw): 400 (flat)  400 (hierarchical)
    Elapsed: 0.000s  Memory: 361.00M
"input" in: xor.drc:94
    Polygons (raw): 400 (flat)  4 (hierarchical)
    Elapsed: 0.000s  Memory: 361.00M
"^" in: xor.drc:94
    Polygons (raw): 0 (flat)  0 (hierarchical)
    Elapsed: 0.000s  Memory: 361.00M
XOR differences: 0
"output" in: xor.drc:69
    Polygons (raw): 0 (flat)  0 (hierarchical)
    Elapsed: 0.000s  Memory: 361.00M
--- Running XOR for layer 70/5 ---
"input" in: xor.drc:94
    Polygons (raw): 0 (flat)  0 (hierarchical)
    Elapsed: 0.000s  Memory: 361.00M
"input" in: xor.drc:94
    Polygons (raw): 0 (flat)  0 (hierarchical)
    Elapsed: 0.000s  Memory: 361.00M
"^" in: xor.drc:94
    Polygons (raw): 0 (flat)  0 (hierarchical)
    Elapsed: 0.010s  Memory: 361.00M
XOR differences: 0
"output" in: xor.drc:69
    Polygons (raw): 0 (flat)  0 (hierarchical)
    Elapsed: 0.000s  Memory: 361.00M
--- Running XOR for layer 71/16 ---
"input" in: xor.drc:94
    Polygons (raw): 8 (flat)  8 (hierarchical)
    Elapsed: 0.000s  Memory: 361.00M
"input" in: xor.drc:94
    Polygons (raw): 8 (flat)  8 (hierarchical)
    Elapsed: 0.000s  Memory: 361.00M
"^" in: xor.drc:94
    Polygons (raw): 0 (flat)  0 (hierarchical)
    Elapsed: 0.000s  Memory: 361.00M
XOR differences: 0
"output" in: xor.drc:69
    Polygons (raw): 0 (flat)  0 (hierarchical)
    Elapsed: 0.000s  Memory: 361.00M
--- Running XOR for layer 71/20 ---
"input" in: xor.drc:94
    Polygons (raw): 8 (flat)  8 (hierarchical)
    Elapsed: 0.000s  Memory: 361.00M
"input" in: xor.drc:94
    Polygons (raw): 148 (flat)  18 (hierarchical)
    Elapsed: 0.000s  Memory: 361.00M
"^" in: xor.drc:94
    Polygons (raw): 0 (flat)  0 (hierarchical)
    Elapsed: 0.000s  Memory: 361.00M
XOR differences: 0
"output" in: xor.drc:69
    Polygons (raw): 0 (flat)  0 (hierarchical)
    Elapsed: 0.000s  Memory: 361.00M
--- Running XOR for layer 71/44 ---
"input" in: xor.drc:94
    Polygons (raw): 32 (flat)  32 (hierarchical)
    Elapsed: 0.000s  Memory: 361.00M
"input" in: xor.drc:94
    Polygons (raw): 32 (flat)  1 (hierarchical)
    Elapsed: 0.000s  Memory: 361.00M
"^" in: xor.drc:94
    Polygons (raw): 0 (flat)  0 (hierarchical)
    Elapsed: 0.000s  Memory: 361.00M
XOR differences: 0
"output" in: xor.drc:69
    Polygons (raw): 0 (flat)  0 (hierarchical)
    Elapsed: 0.010s  Memory: 361.00M
--- Running XOR for layer 71/5 ---
"input" in: xor.drc:94
    Polygons (raw): 0 (flat)  0 (hierarchical)
    Elapsed: 0.000s  Memory: 361.00M
"input" in: xor.drc:94
    Polygons (raw): 0 (flat)  0 (hierarchical)
    Elapsed: 0.000s  Memory: 361.00M
"^" in: xor.drc:94
    Polygons (raw): 0 (flat)  0 (hierarchical)
    Elapsed: 0.000s  Memory: 361.00M
XOR differences: 0
"output" in: xor.drc:69
    Polygons (raw): 0 (flat)  0 (hierarchical)
    Elapsed: 0.000s  Memory: 361.00M
--- Running XOR for layer 72/16 ---
"input" in: xor.drc:94
    Polygons (raw): 8 (flat)  8 (hierarchical)
    Elapsed: 0.000s  Memory: 361.00M
"input" in: xor.drc:94
    Polygons (raw): 8 (flat)  8 (hierarchical)
    Elapsed: 0.000s  Memory: 361.00M
"^" in: xor.drc:94
    Polygons (raw): 0 (flat)  0 (hierarchical)
    Elapsed: 0.000s  Memory: 361.00M
XOR differences: 0
"output" in: xor.drc:69
    Polygons (raw): 0 (flat)  0 (hierarchical)
    Elapsed: 0.000s  Memory: 361.00M
--- Running XOR for layer 72/20 ---
"input" in: xor.drc:94
    Polygons (raw): 8 (flat)  8 (hierarchical)
    Elapsed: 0.000s  Memory: 361.00M
"input" in: xor.drc:94
    Polygons (raw): 48 (flat)  17 (hierarchical)
    Elapsed: 0.000s  Memory: 361.00M
"^" in: xor.drc:94
    Polygons (raw): 0 (flat)  0 (hierarchical)
    Elapsed: 0.000s  Memory: 361.00M
XOR differences: 0
"output" in: xor.drc:69
    Polygons (raw): 0 (flat)  0 (hierarchical)
    Elapsed: 0.000s  Memory: 361.00M
--- Running XOR for layer 72/5 ---
"input" in: xor.drc:94
    Polygons (raw): 0 (flat)  0 (hierarchical)
    Elapsed: 0.000s  Memory: 361.00M
"input" in: xor.drc:94
    Polygons (raw): 0 (flat)  0 (hierarchical)
    Elapsed: 0.000s  Memory: 361.00M
"^" in: xor.drc:94
    Polygons (raw): 0 (flat)  0 (hierarchical)
    Elapsed: 0.000s  Memory: 361.00M
XOR differences: 0
"output" in: xor.drc:69
    Polygons (raw): 0 (flat)  0 (hierarchical)
    Elapsed: 0.000s  Memory: 361.00M
--- Running XOR for layer 78/44 ---
"input" in: xor.drc:94
    Polygons (raw): 599 (flat)  50 (hierarchical)
    Elapsed: 0.000s  Memory: 361.00M
"input" in: xor.drc:94
    Polygons (raw): 599 (flat)  50 (hierarchical)
    Elapsed: 0.000s  Memory: 361.00M
"^" in: xor.drc:94
    Polygons (raw): 0 (flat)  0 (hierarchical)
    Elapsed: 0.010s  Memory: 361.00M
XOR differences: 0
"output" in: xor.drc:69
    Polygons (raw): 0 (flat)  0 (hierarchical)
    Elapsed: 0.000s  Memory: 361.00M
--- Running XOR for layer 81/4 ---
"input" in: xor.drc:94
    Polygons (raw): 592 (flat)  46 (hierarchical)
    Elapsed: 0.000s  Memory: 361.00M
"input" in: xor.drc:94
    Polygons (raw): 592 (flat)  46 (hierarchical)
    Elapsed: 0.000s  Memory: 361.00M
"^" in: xor.drc:94
    Polygons (raw): 0 (flat)  0 (hierarchical)
    Elapsed: 0.000s  Memory: 361.00M
XOR differences: 0
"output" in: xor.drc:69
    Polygons (raw): 0 (flat)  0 (hierarchical)
    Elapsed: 0.000s  Memory: 361.00M
--- Running XOR for layer 83/44 ---
"input" in: xor.drc:94
    Polygons (raw): 0 (flat)  0 (hierarchical)
    Elapsed: 0.000s  Memory: 361.00M
"input" in: xor.drc:94
    Polygons (raw): 0 (flat)  0 (hierarchical)
    Elapsed: 0.000s  Memory: 361.00M
"^" in: xor.drc:94
    Polygons (raw): 0 (flat)  0 (hierarchical)
    Elapsed: 0.000s  Memory: 361.00M
XOR differences: 0
"output" in: xor.drc:69
    Polygons (raw): 0 (flat)  0 (hierarchical)
    Elapsed: 0.000s  Memory: 361.00M
--- Running XOR for layer 93/44 ---
"input" in: xor.drc:94
    Polygons (raw): 657 (flat)  47 (hierarchical)
    Elapsed: 0.000s  Memory: 361.00M
"input" in: xor.drc:94
    Polygons (raw): 657 (flat)  47 (hierarchical)
    Elapsed: 0.000s  Memory: 361.00M
"^" in: xor.drc:94
    Polygons (raw): 0 (flat)  0 (hierarchical)
    Elapsed: 0.000s  Memory: 361.00M
XOR differences: 0
"output" in: xor.drc:69
    Polygons (raw): 0 (flat)  0 (hierarchical)
    Elapsed: 0.000s  Memory: 361.00M
--- Running XOR for layer 94/20 ---
"input" in: xor.drc:94
    Polygons (raw): 657 (flat)  47 (hierarchical)
    Elapsed: 0.000s  Memory: 361.00M
"input" in: xor.drc:94
    Polygons (raw): 657 (flat)  47 (hierarchical)
    Elapsed: 0.000s  Memory: 361.00M
"^" in: xor.drc:94
    Polygons (raw): 0 (flat)  0 (hierarchical)
    Elapsed: 0.010s  Memory: 361.00M
XOR differences: 0
"output" in: xor.drc:69
    Polygons (raw): 0 (flat)  0 (hierarchical)
    Elapsed: 0.000s  Memory: 361.00M
--- Running XOR for layer 95/20 ---
"input" in: xor.drc:94
    Polygons (raw): 463 (flat)  50 (hierarchical)
    Elapsed: 0.000s  Memory: 361.00M
"input" in: xor.drc:94
    Polygons (raw): 463 (flat)  50 (hierarchical)
    Elapsed: 0.000s  Memory: 361.00M
"^" in: xor.drc:94
    Polygons (raw): 0 (flat)  0 (hierarchical)
    Elapsed: 0.000s  Memory: 361.00M
XOR differences: 0
"output" in: xor.drc:69
    Polygons (raw): 0 (flat)  0 (hierarchical)
    Elapsed: 0.000s  Memory: 361.00M
---
Total XOR differences: 0
Writing report database: /openlane/designs/i_tree/runs/RUN_2024.04.17_14.14.50/reports/signoff/35-xor.xml ..
Total elapsed: 0.460s  Memory: 361.00M
