
===========================================================================
 report_power
============================================================================
======================= Fastest Corner ===================================

Group                  Internal  Switching    Leakage      Total
                          Power      Power      Power      Power (Watts)
----------------------------------------------------------------
Sequential             2.93e-04   6.59e-05   2.23e-07   3.59e-04  44.5%
Combinational          2.84e-04   1.64e-04   2.42e-09   4.48e-04  55.5%
Macro                  0.00e+00   0.00e+00   0.00e+00   0.00e+00   0.0%
Pad                    0.00e+00   0.00e+00   0.00e+00   0.00e+00   0.0%
----------------------------------------------------------------
Total                  5.77e-04   2.30e-04   2.26e-07   8.07e-04 100.0%
                          71.4%      28.5%       0.0%

======================= Slowest Corner ===================================

Group                  Internal  Switching    Leakage      Total
                          Power      Power      Power      Power (Watts)
----------------------------------------------------------------
Sequential             1.96e-04   4.29e-05   8.91e-07   2.40e-04  43.8%
Combinational          2.02e-04   1.06e-04   1.02e-06   3.09e-04  56.2%
Macro                  0.00e+00   0.00e+00   0.00e+00   0.00e+00   0.0%
Pad                    0.00e+00   0.00e+00   0.00e+00   0.00e+00   0.0%
----------------------------------------------------------------
Total                  3.98e-04   1.49e-04   1.91e-06   5.49e-04 100.0%
                          72.6%      27.1%       0.3%

======================= Typical Corner ===================================

Group                  Internal  Switching    Leakage      Total
                          Power      Power      Power      Power (Watts)
----------------------------------------------------------------
Sequential             2.53e-04   5.52e-05   2.23e-07   3.08e-04  44.3%
Combinational          2.50e-04   1.37e-04   1.09e-09   3.87e-04  55.7%
Macro                  0.00e+00   0.00e+00   0.00e+00   0.00e+00   0.0%
Pad                    0.00e+00   0.00e+00   0.00e+00   0.00e+00   0.0%
----------------------------------------------------------------
Total                  5.03e-04   1.92e-04   2.24e-07   6.95e-04 100.0%
                          72.3%      27.7%       0.0%

