OpenROAD 41a51eaf4ca2171c92ff38afb91eb37bbd3f36da 
This program is licensed under the BSD-3 license. See the LICENSE file for details.
Components of this program may be licensed under more restrictive licenses which must be honored.
[INFO]: Reading ODB at '/openlane/designs/i_tree/runs/RUN_2024.04.17_14.14.50/results/floorplan/i_tree.odb'…
define_corners Typical
read_liberty -corner Typical /home/zerotoasic/asic_tools/pdk/sky130A/libs.ref/sky130_fd_sc_hd/lib/sky130_fd_sc_hd__tt_025C_1v80.lib
Using 1e-12 for capacitance...
Using 1e+03 for resistance...
Using 1e-09 for time...
Using 1e+00 for voltage...
Using 1e-03 for current...
Using 1e-09 for power...
Using 1e-06 for distance...
Reading design constraints file at '/openlane/designs/i_tree/runs/RUN_2024.04.17_14.14.50/tmp/floorplan/3-initial_fp.sdc'…
[INFO]: Setting RC values...
[INFO]: Setting signal min routing layer to: met1 and clock min routing layer to met1. 
[INFO]: Setting signal max routing layer to: met5 and clock max routing layer to met5. 
[INFO GPL-0002] DBU: 1000
[INFO GPL-0003] SiteSize: 460 2720
[INFO GPL-0004] CoreAreaLxLy: 5520 10880
[INFO GPL-0005] CoreAreaUxUy: 72220 76160
[INFO GPL-0006] NumInstances: 304
[INFO GPL-0007] NumPlaceInstances: 191
[INFO GPL-0008] NumFixedInstances: 113
[INFO GPL-0009] NumDummyInstances: 0
[INFO GPL-0010] NumNets: 194
[INFO GPL-0011] NumPins: 626
[INFO GPL-0012] DieAreaLxLy: 0 0
[INFO GPL-0013] DieAreaUxUy: 77740 88460
[INFO GPL-0014] CoreAreaLxLy: 5520 10880
[INFO GPL-0015] CoreAreaUxUy: 72220 76160
[INFO GPL-0016] CoreArea: 4354176000
[INFO GPL-0017] NonPlaceInstsArea: 261500800
[INFO GPL-0018] PlaceInstsArea: 2224633600
[INFO GPL-0019] Util(%): 54.36
[INFO GPL-0020] StdInstsArea: 2224633600
[INFO GPL-0021] MacroInstsArea: 0
[InitialPlace]  Iter: 1 CG residual: 0.00000011 HPWL: 2332370
[InitialPlace]  Iter: 2 CG residual: 0.00000008 HPWL: 2433865
[InitialPlace]  Iter: 3 CG residual: 0.00000011 HPWL: 2439946
[InitialPlace]  Iter: 4 CG residual: 0.00000008 HPWL: 2445637
[InitialPlace]  Iter: 5 CG residual: 0.00000009 HPWL: 2447538
[INFO GPL-0031] FillerInit: NumGCells: 211
[INFO GPL-0032] FillerInit: NumGNets: 194
[INFO GPL-0033] FillerInit: NumGPins: 626
[INFO GPL-0023] TargetDensity: 0.60
[INFO GPL-0024] AveragePlaceInstArea: 11647296
[INFO GPL-0025] IdealBinArea: 19412160
[INFO GPL-0026] IdealBinCnt: 224
[INFO GPL-0027] TotalBinArea: 4354176000
[INFO GPL-0028] BinCnt: 8 8
[INFO GPL-0029] BinSize: 8338 8160
[INFO GPL-0030] NumBins: 64
[NesterovSolve] Iter: 1 overflow: 0.92271 HPWL: 853654
[NesterovSolve] Iter: 10 overflow: 0.877353 HPWL: 1015953
[NesterovSolve] Iter: 20 overflow: 0.848459 HPWL: 1023295
[NesterovSolve] Iter: 30 overflow: 0.877329 HPWL: 1006231
[NesterovSolve] Iter: 40 overflow: 0.849637 HPWL: 991669
[NesterovSolve] Iter: 50 overflow: 0.877494 HPWL: 976413
[NesterovSolve] Iter: 60 overflow: 0.844037 HPWL: 940983
[NesterovSolve] Iter: 70 overflow: 0.872862 HPWL: 906630
[NesterovSolve] Iter: 80 overflow: 0.874967 HPWL: 893883
[NesterovSolve] Iter: 90 overflow: 0.872825 HPWL: 910105
[NesterovSolve] Iter: 100 overflow: 0.838817 HPWL: 935976
[NesterovSolve] Iter: 110 overflow: 0.850831 HPWL: 961655
[NesterovSolve] Iter: 120 overflow: 0.861478 HPWL: 993149
[NesterovSolve] Iter: 130 overflow: 0.828759 HPWL: 1022188
[NesterovSolve] Iter: 140 overflow: 0.824159 HPWL: 1053853
[INFO GPL-0100] worst slack 7.15e-09
[INFO GPL-0103] Weighted 19 nets.
[NesterovSolve] Iter: 150 overflow: 0.779372 HPWL: 1108534
[NesterovSolve] Iter: 160 overflow: 0.746714 HPWL: 1230725
[NesterovSolve] Iter: 170 overflow: 0.725458 HPWL: 1296801
[NesterovSolve] Iter: 180 overflow: 0.681805 HPWL: 1352553
[NesterovSolve] Iter: 190 overflow: 0.655802 HPWL: 1436830
[INFO GPL-0100] worst slack 7.15e-09
[INFO GPL-0103] Weighted 19 nets.
[NesterovSolve] Iter: 200 overflow: 0.621755 HPWL: 1501674
[NesterovSolve] Snapshot saved at iter = 203
[NesterovSolve] Iter: 210 overflow: 0.56083 HPWL: 1563267
[NesterovSolve] Iter: 220 overflow: 0.516181 HPWL: 1630837
[INFO GPL-0100] worst slack 7.15e-09
[INFO GPL-0103] Weighted 19 nets.
[NesterovSolve] Iter: 230 overflow: 0.476198 HPWL: 1714084
[NesterovSolve] Iter: 240 overflow: 0.42972 HPWL: 1753363
[NesterovSolve] Iter: 250 overflow: 0.378799 HPWL: 1814199
[NesterovSolve] Iter: 260 overflow: 0.332104 HPWL: 1860492
[NesterovSolve] Iter: 270 overflow: 0.298056 HPWL: 1887749
[INFO GPL-0100] worst slack 7.15e-09
[INFO GPL-0103] Weighted 19 nets.
[NesterovSolve] Iter: 280 overflow: 0.258643 HPWL: 1902097
[NesterovSolve] Iter: 290 overflow: 0.216225 HPWL: 1908093
[INFO GPL-0100] worst slack 7.15e-09
[INFO GPL-0103] Weighted 19 nets.
[INFO GPL-0075] Routability numCall: 1 inflationIterCnt: 1 bloatIterCnt: 0
[INFO GPL-0036] TileLxLy: 0 0
[INFO GPL-0037] TileSize: 6900 6900
[INFO GPL-0038] TileCnt: 11 12
[INFO GPL-0039] numRoutingLayers: 6
[INFO GPL-0040] NumTiles: 132
[INFO GPL-0063] TotalRouteOverflowH2: 0.0
[INFO GPL-0064] TotalRouteOverflowV2: 0.0
[INFO GPL-0065] OverflowTileCnt2: 0
[INFO GPL-0066] 0.5%RC: 0.949999988079071
[INFO GPL-0067] 1.0%RC: 0.9333333174387614
[INFO GPL-0068] 2.0%RC: 0.9166666467984518
[INFO GPL-0069] 5.0%RC: 0.8699999968210856
[INFO GPL-0070] 0.5rcK: 1.0
[INFO GPL-0071] 1.0rcK: 1.0
[INFO GPL-0072] 2.0rcK: 0.0
[INFO GPL-0073] 5.0rcK: 0.0
[INFO GPL-0074] FinalRC: 0.94166666
[NesterovSolve] Iter: 300 overflow: 0.183053 HPWL: 1904081
[NesterovSolve] Iter: 310 overflow: 0.153668 HPWL: 1909311
[INFO GPL-0100] worst slack 7.15e-09
[INFO GPL-0103] Weighted 19 nets.
[NesterovSolve] Iter: 320 overflow: 0.125297 HPWL: 1915221
[NesterovSolve] Iter: 330 overflow: 0.100302 HPWL: 1930483
[NesterovSolve] Finished with Overflow: 0.098171
Setting global connections for newly added cells…
Writing OpenROAD database to '/openlane/designs/i_tree/runs/RUN_2024.04.17_14.14.50/tmp/placement/7-global.odb'…
Writing netlist to '/openlane/designs/i_tree/runs/RUN_2024.04.17_14.14.50/tmp/placement/7-global.nl.v'…
Writing powered netlist to '/openlane/designs/i_tree/runs/RUN_2024.04.17_14.14.50/tmp/placement/7-global.pnl.v'…
Writing layout to '/openlane/designs/i_tree/runs/RUN_2024.04.17_14.14.50/tmp/placement/7-global.def'…
