
===========================================================================
report_checks -unconstrained
===========================================================================
======================= Fastest Corner ===================================

Startpoint: reset (input port clocked by clk)
Endpoint: _325_ (recovery check against rising-edge clock clk)
Path Group: asynchronous
Path Type: max
Corner: Fastest

Fanout     Cap    Slew   Delay    Time   Description
-----------------------------------------------------------------------------
                          0.00    0.00   clock clk (rise edge)
                          0.00    0.00   clock network delay (propagated)
                          2.00    2.00 ^ input external delay
                  0.02    0.01    2.01 ^ reset (in)
     1    0.00                           reset (net)
                  0.02    0.00    2.01 ^ input1/A (sky130_fd_sc_hd__buf_1)
                  0.10    0.10    2.11 ^ input1/X (sky130_fd_sc_hd__buf_1)
     2    0.01                           net1 (net)
                  0.10    0.00    2.11 ^ fanout5/A (sky130_fd_sc_hd__clkbuf_4)
                  0.13    0.18    2.30 ^ fanout5/X (sky130_fd_sc_hd__clkbuf_4)
    10    0.05                           net5 (net)
                  0.13    0.00    2.30 ^ fanout4/A (sky130_fd_sc_hd__clkbuf_4)
                  0.12    0.18    2.48 ^ fanout4/X (sky130_fd_sc_hd__clkbuf_4)
    10    0.05                           net4 (net)
                  0.12    0.00    2.48 ^ _325_/RESET_B (sky130_fd_sc_hd__dfrtp_4)
                                  2.48   data arrival time

                         10.00   10.00   clock clk (rise edge)
                          0.00   10.00   clock source latency
                  0.06    0.04   10.04 ^ clk (in)
     1    0.02                           clk (net)
                  0.06    0.00   10.04 ^ clkbuf_0_clk/A (sky130_fd_sc_hd__clkbuf_16)
                  0.04    0.10   10.14 ^ clkbuf_0_clk/X (sky130_fd_sc_hd__clkbuf_16)
     4    0.04                           clknet_0_clk (net)
                  0.04    0.00   10.14 ^ clkbuf_2_2__f_clk/A (sky130_fd_sc_hd__clkbuf_16)
                  0.04    0.09   10.23 ^ clkbuf_2_2__f_clk/X (sky130_fd_sc_hd__clkbuf_16)
    12    0.03                           clknet_2_2__leaf_clk (net)
                  0.04    0.00   10.23 ^ _325_/CLK (sky130_fd_sc_hd__dfrtp_4)
                         -0.25    9.98   clock uncertainty
                          0.00    9.98   clock reconvergence pessimism
                          0.11   10.09   library recovery time
                                 10.09   data required time
-----------------------------------------------------------------------------
                                 10.09   data required time
                                 -2.48   data arrival time
-----------------------------------------------------------------------------
                                  7.60   slack (MET)


Startpoint: _323_ (rising edge-triggered flip-flop clocked by clk)
Endpoint: anomaly_detected (output port clocked by clk)
Path Group: clk
Path Type: max
Corner: Fastest

Fanout     Cap    Slew   Delay    Time   Description
-----------------------------------------------------------------------------
                          0.00    0.00   clock clk (rise edge)
                          0.00    0.00   clock source latency
                  0.06    0.04    0.04 ^ clk (in)
     1    0.02                           clk (net)
                  0.06    0.00    0.04 ^ clkbuf_0_clk/A (sky130_fd_sc_hd__clkbuf_16)
                  0.04    0.11    0.15 ^ clkbuf_0_clk/X (sky130_fd_sc_hd__clkbuf_16)
     4    0.04                           clknet_0_clk (net)
                  0.04    0.00    0.15 ^ clkbuf_2_0__f_clk/A (sky130_fd_sc_hd__clkbuf_16)
                  0.04    0.10    0.26 ^ clkbuf_2_0__f_clk/X (sky130_fd_sc_hd__clkbuf_16)
    13    0.04                           clknet_2_0__leaf_clk (net)
                  0.04    0.00    0.26 ^ _323_/CLK (sky130_fd_sc_hd__dfrtp_1)
                  0.03    0.24    0.50 v _323_/Q (sky130_fd_sc_hd__dfrtp_1)
     2    0.00                           net3 (net)
                  0.03    0.00    0.50 v output3/A (sky130_fd_sc_hd__clkbuf_4)
                  0.06    0.13    0.63 v output3/X (sky130_fd_sc_hd__clkbuf_4)
     1    0.03                           anomaly_detected (net)
                  0.06    0.00    0.63 v anomaly_detected (out)
                                  0.63   data arrival time

                         10.00   10.00   clock clk (rise edge)
                          0.00   10.00   clock network delay (propagated)
                         -0.25    9.75   clock uncertainty
                          0.00    9.75   clock reconvergence pessimism
                         -2.00    7.75   output external delay
                                  7.75   data required time
-----------------------------------------------------------------------------
                                  7.75   data required time
                                 -0.63   data arrival time
-----------------------------------------------------------------------------
                                  7.12   slack (MET)



======================= Slowest Corner ===================================

Startpoint: reset (input port clocked by clk)
Endpoint: _325_ (recovery check against rising-edge clock clk)
Path Group: asynchronous
Path Type: max
Corner: Slowest

Fanout     Cap    Slew   Delay    Time   Description
-----------------------------------------------------------------------------
                          0.00    0.00   clock clk (rise edge)
                          0.00    0.00   clock network delay (propagated)
                          2.00    2.00 ^ input external delay
                  0.04    0.02    2.02 ^ reset (in)
     1    0.00                           reset (net)
                  0.04    0.00    2.02 ^ input1/A (sky130_fd_sc_hd__buf_1)
                  0.22    0.26    2.28 ^ input1/X (sky130_fd_sc_hd__buf_1)
     2    0.01                           net1 (net)
                  0.22    0.00    2.28 ^ fanout5/A (sky130_fd_sc_hd__clkbuf_4)
                  0.26    0.48    2.76 ^ fanout5/X (sky130_fd_sc_hd__clkbuf_4)
    10    0.05                           net5 (net)
                  0.26    0.00    2.76 ^ fanout4/A (sky130_fd_sc_hd__clkbuf_4)
                  0.23    0.47    3.23 ^ fanout4/X (sky130_fd_sc_hd__clkbuf_4)
    10    0.05                           net4 (net)
                  0.23    0.00    3.23 ^ _325_/RESET_B (sky130_fd_sc_hd__dfrtp_4)
                                  3.23   data arrival time

                         10.00   10.00   clock clk (rise edge)
                          0.00   10.00   clock source latency
                  0.12    0.08   10.08 ^ clk (in)
     1    0.02                           clk (net)
                  0.12    0.00   10.08 ^ clkbuf_0_clk/A (sky130_fd_sc_hd__clkbuf_16)
                  0.09    0.26   10.34 ^ clkbuf_0_clk/X (sky130_fd_sc_hd__clkbuf_16)
     4    0.04                           clknet_0_clk (net)
                  0.09    0.00   10.34 ^ clkbuf_2_2__f_clk/A (sky130_fd_sc_hd__clkbuf_16)
                  0.08    0.24   10.57 ^ clkbuf_2_2__f_clk/X (sky130_fd_sc_hd__clkbuf_16)
    12    0.03                           clknet_2_2__leaf_clk (net)
                  0.08    0.00   10.57 ^ _325_/CLK (sky130_fd_sc_hd__dfrtp_4)
                         -0.25   10.32   clock uncertainty
                          0.00   10.32   clock reconvergence pessimism
                          0.37   10.70   library recovery time
                                 10.70   data required time
-----------------------------------------------------------------------------
                                 10.70   data required time
                                 -3.23   data arrival time
-----------------------------------------------------------------------------
                                  7.46   slack (MET)


Startpoint: _334_ (rising edge-triggered flip-flop clocked by clk)
Endpoint: _320_ (rising edge-triggered flip-flop clocked by clk)
Path Group: clk
Path Type: max
Corner: Slowest

Fanout     Cap    Slew   Delay    Time   Description
-----------------------------------------------------------------------------
                          0.00    0.00   clock clk (rise edge)
                          0.00    0.00   clock source latency
                  0.12    0.09    0.09 ^ clk (in)
     1    0.02                           clk (net)
                  0.12    0.00    0.09 ^ clkbuf_0_clk/A (sky130_fd_sc_hd__clkbuf_16)
                  0.09    0.29    0.37 ^ clkbuf_0_clk/X (sky130_fd_sc_hd__clkbuf_16)
     4    0.04                           clknet_0_clk (net)
                  0.09    0.00    0.37 ^ clkbuf_2_2__f_clk/A (sky130_fd_sc_hd__clkbuf_16)
                  0.08    0.26    0.63 ^ clkbuf_2_2__f_clk/X (sky130_fd_sc_hd__clkbuf_16)
    12    0.03                           clknet_2_2__leaf_clk (net)
                  0.08    0.00    0.63 ^ _334_/CLK (sky130_fd_sc_hd__dfrtp_1)
                  0.10    0.81    1.44 v _334_/Q (sky130_fd_sc_hd__dfrtp_1)
     2    0.01                           input_buffer_inst.bit_count[7] (net)
                  0.10    0.00    1.44 v _153_/A (sky130_fd_sc_hd__or4_2)
                  0.31    1.82    3.26 v _153_/X (sky130_fd_sc_hd__or4_2)
     4    0.02                           _083_ (net)
                  0.31    0.00    3.26 v _167_/B (sky130_fd_sc_hd__or4b_1)
                  0.18    1.31    4.57 v _167_/X (sky130_fd_sc_hd__or4b_1)
     1    0.00                           _093_ (net)
                  0.18    0.00    4.57 v _168_/A (sky130_fd_sc_hd__clkbuf_4)
                  0.15    0.40    4.97 v _168_/X (sky130_fd_sc_hd__clkbuf_4)
     9    0.04                           _094_ (net)
                  0.15    0.00    4.97 v _169_/S (sky130_fd_sc_hd__mux2_1)
                  0.10    0.73    5.70 v _169_/X (sky130_fd_sc_hd__mux2_1)
     1    0.00                           _095_ (net)
                  0.10    0.00    5.70 v hold31/A (sky130_fd_sc_hd__dlygate4sd3_1)
                  0.11    1.20    6.90 v hold31/X (sky130_fd_sc_hd__dlygate4sd3_1)
     1    0.00                           net36 (net)
                  0.11    0.00    6.90 v _170_/A (sky130_fd_sc_hd__clkbuf_1)
                  0.05    0.19    7.09 v _170_/X (sky130_fd_sc_hd__clkbuf_1)
     1    0.00                           _065_ (net)
                  0.05    0.00    7.09 v _320_/D (sky130_fd_sc_hd__dfrtp_1)
                                  7.09   data arrival time

                         10.00   10.00   clock clk (rise edge)
                          0.00   10.00   clock source latency
                  0.12    0.08   10.08 ^ clk (in)
     1    0.02                           clk (net)
                  0.12    0.00   10.08 ^ clkbuf_0_clk/A (sky130_fd_sc_hd__clkbuf_16)
                  0.09    0.26   10.34 ^ clkbuf_0_clk/X (sky130_fd_sc_hd__clkbuf_16)
     4    0.04                           clknet_0_clk (net)
                  0.09    0.00   10.34 ^ clkbuf_2_0__f_clk/A (sky130_fd_sc_hd__clkbuf_16)
                  0.09    0.24   10.58 ^ clkbuf_2_0__f_clk/X (sky130_fd_sc_hd__clkbuf_16)
    13    0.04                           clknet_2_0__leaf_clk (net)
                  0.09    0.00   10.58 ^ _320_/CLK (sky130_fd_sc_hd__dfrtp_1)
                         -0.25   10.33   clock uncertainty
                          0.04   10.36   clock reconvergence pessimism
                         -0.26   10.10   library setup time
                                 10.10   data required time
-----------------------------------------------------------------------------
                                 10.10   data required time
                                 -7.09   data arrival time
-----------------------------------------------------------------------------
                                  3.01   slack (MET)



======================= Typical Corner ===================================

Startpoint: reset (input port clocked by clk)
Endpoint: _325_ (recovery check against rising-edge clock clk)
Path Group: asynchronous
Path Type: max
Corner: Typical

Fanout     Cap    Slew   Delay    Time   Description
-----------------------------------------------------------------------------
                          0.00    0.00   clock clk (rise edge)
                          0.00    0.00   clock network delay (propagated)
                          2.00    2.00 ^ input external delay
                  0.02    0.01    2.01 ^ reset (in)
     1    0.00                           reset (net)
                  0.02    0.00    2.01 ^ input1/A (sky130_fd_sc_hd__buf_1)
                  0.14    0.15    2.16 ^ input1/X (sky130_fd_sc_hd__buf_1)
     2    0.01                           net1 (net)
                  0.14    0.00    2.16 ^ fanout5/A (sky130_fd_sc_hd__clkbuf_4)
                  0.17    0.27    2.43 ^ fanout5/X (sky130_fd_sc_hd__clkbuf_4)
    10    0.05                           net5 (net)
                  0.17    0.00    2.43 ^ fanout4/A (sky130_fd_sc_hd__clkbuf_4)
                  0.15    0.27    2.71 ^ fanout4/X (sky130_fd_sc_hd__clkbuf_4)
    10    0.05                           net4 (net)
                  0.15    0.00    2.71 ^ _325_/RESET_B (sky130_fd_sc_hd__dfrtp_4)
                                  2.71   data arrival time

                         10.00   10.00   clock clk (rise edge)
                          0.00   10.00   clock source latency
                  0.08    0.05   10.05 ^ clk (in)
     1    0.02                           clk (net)
                  0.08    0.00   10.05 ^ clkbuf_0_clk/A (sky130_fd_sc_hd__clkbuf_16)
                  0.06    0.15   10.20 ^ clkbuf_0_clk/X (sky130_fd_sc_hd__clkbuf_16)
     4    0.04                           clknet_0_clk (net)
                  0.06    0.00   10.20 ^ clkbuf_2_2__f_clk/A (sky130_fd_sc_hd__clkbuf_16)
                  0.05    0.13   10.33 ^ clkbuf_2_2__f_clk/X (sky130_fd_sc_hd__clkbuf_16)
    12    0.03                           clknet_2_2__leaf_clk (net)
                  0.05    0.00   10.33 ^ _325_/CLK (sky130_fd_sc_hd__dfrtp_4)
                         -0.25   10.08   clock uncertainty
                          0.00   10.08   clock reconvergence pessimism
                          0.18   10.27   library recovery time
                                 10.27   data required time
-----------------------------------------------------------------------------
                                 10.27   data required time
                                 -2.71   data arrival time
-----------------------------------------------------------------------------
                                  7.56   slack (MET)


Startpoint: _334_ (rising edge-triggered flip-flop clocked by clk)
Endpoint: _320_ (rising edge-triggered flip-flop clocked by clk)
Path Group: clk
Path Type: max
Corner: Typical

Fanout     Cap    Slew   Delay    Time   Description
-----------------------------------------------------------------------------
                          0.00    0.00   clock clk (rise edge)
                          0.00    0.00   clock source latency
                  0.08    0.06    0.06 ^ clk (in)
     1    0.02                           clk (net)
                  0.08    0.00    0.06 ^ clkbuf_0_clk/A (sky130_fd_sc_hd__clkbuf_16)
                  0.06    0.16    0.22 ^ clkbuf_0_clk/X (sky130_fd_sc_hd__clkbuf_16)
     4    0.04                           clknet_0_clk (net)
                  0.06    0.00    0.22 ^ clkbuf_2_2__f_clk/A (sky130_fd_sc_hd__clkbuf_16)
                  0.05    0.15    0.37 ^ clkbuf_2_2__f_clk/X (sky130_fd_sc_hd__clkbuf_16)
    12    0.03                           clknet_2_2__leaf_clk (net)
                  0.05    0.00    0.37 ^ _334_/CLK (sky130_fd_sc_hd__dfrtp_1)
                  0.05    0.39    0.76 v _334_/Q (sky130_fd_sc_hd__dfrtp_1)
     2    0.01                           input_buffer_inst.bit_count[7] (net)
                  0.05    0.00    0.76 v _153_/A (sky130_fd_sc_hd__or4_2)
                  0.15    0.77    1.53 v _153_/X (sky130_fd_sc_hd__or4_2)
     4    0.02                           _083_ (net)
                  0.15    0.00    1.53 v _167_/B (sky130_fd_sc_hd__or4b_1)
                  0.08    0.55    2.08 v _167_/X (sky130_fd_sc_hd__or4b_1)
     1    0.00                           _093_ (net)
                  0.08    0.00    2.08 v _168_/A (sky130_fd_sc_hd__clkbuf_4)
                  0.09    0.21    2.29 v _168_/X (sky130_fd_sc_hd__clkbuf_4)
     9    0.04                           _094_ (net)
                  0.09    0.00    2.29 v _169_/S (sky130_fd_sc_hd__mux2_1)
                  0.05    0.32    2.62 v _169_/X (sky130_fd_sc_hd__mux2_1)
     1    0.00                           _095_ (net)
                  0.05    0.00    2.62 v hold31/A (sky130_fd_sc_hd__dlygate4sd3_1)
                  0.05    0.58    3.20 v hold31/X (sky130_fd_sc_hd__dlygate4sd3_1)
     1    0.00                           net36 (net)
                  0.05    0.00    3.20 v _170_/A (sky130_fd_sc_hd__clkbuf_1)
                  0.03    0.10    3.29 v _170_/X (sky130_fd_sc_hd__clkbuf_1)
     1    0.00                           _065_ (net)
                  0.03    0.00    3.29 v _320_/D (sky130_fd_sc_hd__dfrtp_1)
                                  3.29   data arrival time

                         10.00   10.00   clock clk (rise edge)
                          0.00   10.00   clock source latency
                  0.08    0.05   10.05 ^ clk (in)
     1    0.02                           clk (net)
                  0.08    0.00   10.05 ^ clkbuf_0_clk/A (sky130_fd_sc_hd__clkbuf_16)
                  0.06    0.15   10.20 ^ clkbuf_0_clk/X (sky130_fd_sc_hd__clkbuf_16)
     4    0.04                           clknet_0_clk (net)
                  0.06    0.00   10.20 ^ clkbuf_2_0__f_clk/A (sky130_fd_sc_hd__clkbuf_16)
                  0.06    0.14   10.33 ^ clkbuf_2_0__f_clk/X (sky130_fd_sc_hd__clkbuf_16)
    13    0.04                           clknet_2_0__leaf_clk (net)
                  0.06    0.00   10.33 ^ _320_/CLK (sky130_fd_sc_hd__dfrtp_1)
                         -0.25   10.08   clock uncertainty
                          0.02   10.10   clock reconvergence pessimism
                         -0.10   10.00   library setup time
                                 10.00   data required time
-----------------------------------------------------------------------------
                                 10.00   data required time
                                 -3.29   data arrival time
-----------------------------------------------------------------------------
                                  6.71   slack (MET)




===========================================================================
report_checks --slack_max -0.01
============================================================================
======================= Fastest Corner ===================================

No paths found.

======================= Slowest Corner ===================================

No paths found.

======================= Typical Corner ===================================

No paths found.


===========================================================================
 report_check_types -max_slew -max_cap -max_fanout -violators
============================================================================
======================= Fastest Corner ===================================

max fanout

Pin                                   Limit Fanout  Slack
---------------------------------------------------------
clkbuf_2_1__f_clk/X                      10     14     -4 (VIOLATED)
clkbuf_2_0__f_clk/X                      10     13     -3 (VIOLATED)
clkbuf_2_2__f_clk/X                      10     12     -2 (VIOLATED)


======================= Slowest Corner ===================================

max fanout

Pin                                   Limit Fanout  Slack
---------------------------------------------------------
clkbuf_2_1__f_clk/X                      10     14     -4 (VIOLATED)
clkbuf_2_0__f_clk/X                      10     13     -3 (VIOLATED)
clkbuf_2_2__f_clk/X                      10     12     -2 (VIOLATED)


======================= Typical Corner ===================================

max fanout

Pin                                   Limit Fanout  Slack
---------------------------------------------------------
clkbuf_2_1__f_clk/X                      10     14     -4 (VIOLATED)
clkbuf_2_0__f_clk/X                      10     13     -3 (VIOLATED)
clkbuf_2_2__f_clk/X                      10     12     -2 (VIOLATED)



===========================================================================
report_parasitic_annotation -report_unannotated
============================================================================
Found 0 unannotated drivers.
Found 0 partially unannotated drivers.

===========================================================================
max slew violation count 0
max fanout violation count 3
max cap violation count 0
============================================================================

===========================================================================
check_setup -verbose -unconstrained_endpoints -multiple_clock -no_clock -no_input_delay -loops -generated_clocks
===========================================================================
