
===========================================================================
 report_power
============================================================================
======================= Fastest Corner ===================================

Group                  Internal  Switching    Leakage      Total
                          Power      Power      Power      Power (Watts)
----------------------------------------------------------------
Sequential             2.93e-04   6.33e-05   2.23e-07   3.57e-04  44.6%
Combinational          2.84e-04   1.59e-04   2.42e-09   4.43e-04  55.4%
Macro                  0.00e+00   0.00e+00   0.00e+00   0.00e+00   0.0%
Pad                    0.00e+00   0.00e+00   0.00e+00   0.00e+00   0.0%
----------------------------------------------------------------
Total                  5.77e-04   2.22e-04   2.26e-07   7.99e-04 100.0%
                          72.2%      27.8%       0.0%

======================= Slowest Corner ===================================

Group                  Internal  Switching    Leakage      Total
                          Power      Power      Power      Power (Watts)
----------------------------------------------------------------
Sequential             1.97e-04   4.11e-05   8.91e-07   2.39e-04  43.9%
Combinational          2.02e-04   1.02e-04   1.02e-06   3.05e-04  56.1%
Macro                  0.00e+00   0.00e+00   0.00e+00   0.00e+00   0.0%
Pad                    0.00e+00   0.00e+00   0.00e+00   0.00e+00   0.0%
----------------------------------------------------------------
Total                  3.98e-04   1.43e-04   1.91e-06   5.44e-04 100.0%
                          73.3%      26.3%       0.4%

======================= Typical Corner ===================================

Group                  Internal  Switching    Leakage      Total
                          Power      Power      Power      Power (Watts)
----------------------------------------------------------------
Sequential             2.53e-04   5.29e-05   2.23e-07   3.06e-04  44.5%
Combinational          2.50e-04   1.33e-04   1.09e-09   3.82e-04  55.5%
Macro                  0.00e+00   0.00e+00   0.00e+00   0.00e+00   0.0%
Pad                    0.00e+00   0.00e+00   0.00e+00   0.00e+00   0.0%
----------------------------------------------------------------
Total                  5.03e-04   1.86e-04   2.24e-07   6.89e-04 100.0%
                          73.0%      27.0%       0.0%

