
===========================================================================
report_checks -unconstrained
===========================================================================
======================= Fastest Corner ===================================

Startpoint: reset (input port clocked by clk)
Endpoint: _325_ (recovery check against rising-edge clock clk)
Path Group: asynchronous
Path Type: max
Corner: Fastest

Fanout     Cap    Slew   Delay    Time   Description
-----------------------------------------------------------------------------
                          0.00    0.00   clock clk (rise edge)
                          0.00    0.00   clock network delay (propagated)
                          2.00    2.00 ^ input external delay
                  0.02    0.01    2.01 ^ reset (in)
     1    0.00                           reset (net)
                  0.02    0.00    2.01 ^ input1/A (sky130_fd_sc_hd__buf_1)
                  0.12    0.11    2.12 ^ input1/X (sky130_fd_sc_hd__buf_1)
     2    0.01                           net1 (net)
                  0.12    0.00    2.12 ^ fanout5/A (sky130_fd_sc_hd__clkbuf_4)
                  0.14    0.19    2.32 ^ fanout5/X (sky130_fd_sc_hd__clkbuf_4)
    10    0.06                           net5 (net)
                  0.14    0.00    2.32 ^ fanout4/A (sky130_fd_sc_hd__clkbuf_4)
                  0.12    0.19    2.51 ^ fanout4/X (sky130_fd_sc_hd__clkbuf_4)
    10    0.05                           net4 (net)
                  0.12    0.00    2.51 ^ _325_/RESET_B (sky130_fd_sc_hd__dfrtp_4)
                                  2.51   data arrival time

                         10.00   10.00   clock clk (rise edge)
                          0.00   10.00   clock source latency
                  0.06    0.04   10.04 ^ clk (in)
     1    0.02                           clk (net)
                  0.06    0.00   10.04 ^ clkbuf_0_clk/A (sky130_fd_sc_hd__clkbuf_16)
                  0.05    0.10   10.14 ^ clkbuf_0_clk/X (sky130_fd_sc_hd__clkbuf_16)
     4    0.04                           clknet_0_clk (net)
                  0.05    0.00   10.14 ^ clkbuf_2_2__f_clk/A (sky130_fd_sc_hd__clkbuf_16)
                  0.04    0.09   10.24 ^ clkbuf_2_2__f_clk/X (sky130_fd_sc_hd__clkbuf_16)
    12    0.04                           clknet_2_2__leaf_clk (net)
                  0.04    0.00   10.24 ^ _325_/CLK (sky130_fd_sc_hd__dfrtp_4)
                         -0.25    9.99   clock uncertainty
                          0.00    9.99   clock reconvergence pessimism
                          0.10   10.09   library recovery time
                                 10.09   data required time
-----------------------------------------------------------------------------
                                 10.09   data required time
                                 -2.51   data arrival time
-----------------------------------------------------------------------------
                                  7.59   slack (MET)


Startpoint: _323_ (rising edge-triggered flip-flop clocked by clk)
Endpoint: anomaly_detected (output port clocked by clk)
Path Group: clk
Path Type: max
Corner: Fastest

Fanout     Cap    Slew   Delay    Time   Description
-----------------------------------------------------------------------------
                          0.00    0.00   clock clk (rise edge)
                          0.00    0.00   clock source latency
                  0.06    0.05    0.05 ^ clk (in)
     1    0.02                           clk (net)
                  0.06    0.00    0.05 ^ clkbuf_0_clk/A (sky130_fd_sc_hd__clkbuf_16)
                  0.05    0.11    0.16 ^ clkbuf_0_clk/X (sky130_fd_sc_hd__clkbuf_16)
     4    0.04                           clknet_0_clk (net)
                  0.05    0.00    0.16 ^ clkbuf_2_0__f_clk/A (sky130_fd_sc_hd__clkbuf_16)
                  0.05    0.11    0.26 ^ clkbuf_2_0__f_clk/X (sky130_fd_sc_hd__clkbuf_16)
    13    0.04                           clknet_2_0__leaf_clk (net)
                  0.05    0.00    0.27 ^ _323_/CLK (sky130_fd_sc_hd__dfrtp_1)
                  0.03    0.24    0.51 v _323_/Q (sky130_fd_sc_hd__dfrtp_1)
     2    0.00                           net3 (net)
                  0.03    0.00    0.51 v output3/A (sky130_fd_sc_hd__clkbuf_4)
                  0.06    0.13    0.64 v output3/X (sky130_fd_sc_hd__clkbuf_4)
     1    0.03                           anomaly_detected (net)
                  0.06    0.00    0.65 v anomaly_detected (out)
                                  0.65   data arrival time

                         10.00   10.00   clock clk (rise edge)
                          0.00   10.00   clock network delay (propagated)
                         -0.25    9.75   clock uncertainty
                          0.00    9.75   clock reconvergence pessimism
                         -2.00    7.75   output external delay
                                  7.75   data required time
-----------------------------------------------------------------------------
                                  7.75   data required time
                                 -0.65   data arrival time
-----------------------------------------------------------------------------
                                  7.10   slack (MET)



======================= Slowest Corner ===================================

Startpoint: reset (input port clocked by clk)
Endpoint: _325_ (recovery check against rising-edge clock clk)
Path Group: asynchronous
Path Type: max
Corner: Slowest

Fanout     Cap    Slew   Delay    Time   Description
-----------------------------------------------------------------------------
                          0.00    0.00   clock clk (rise edge)
                          0.00    0.00   clock network delay (propagated)
                          2.00    2.00 ^ input external delay
                  0.04    0.02    2.02 ^ reset (in)
     1    0.00                           reset (net)
                  0.04    0.00    2.02 ^ input1/A (sky130_fd_sc_hd__buf_1)
                  0.25    0.28    2.30 ^ input1/X (sky130_fd_sc_hd__buf_1)
     2    0.01                           net1 (net)
                  0.25    0.00    2.30 ^ fanout5/A (sky130_fd_sc_hd__clkbuf_4)
                  0.28    0.50    2.80 ^ fanout5/X (sky130_fd_sc_hd__clkbuf_4)
    10    0.06                           net5 (net)
                  0.28    0.00    2.81 ^ fanout4/A (sky130_fd_sc_hd__clkbuf_4)
                  0.24    0.49    3.30 ^ fanout4/X (sky130_fd_sc_hd__clkbuf_4)
    10    0.05                           net4 (net)
                  0.24    0.00    3.30 ^ _325_/RESET_B (sky130_fd_sc_hd__dfrtp_4)
                                  3.30   data arrival time

                         10.00   10.00   clock clk (rise edge)
                          0.00   10.00   clock source latency
                  0.13    0.09   10.09 ^ clk (in)
     1    0.02                           clk (net)
                  0.13    0.00   10.09 ^ clkbuf_0_clk/A (sky130_fd_sc_hd__clkbuf_16)
                  0.10    0.26   10.35 ^ clkbuf_0_clk/X (sky130_fd_sc_hd__clkbuf_16)
     4    0.04                           clknet_0_clk (net)
                  0.10    0.00   10.35 ^ clkbuf_2_2__f_clk/A (sky130_fd_sc_hd__clkbuf_16)
                  0.09    0.24   10.59 ^ clkbuf_2_2__f_clk/X (sky130_fd_sc_hd__clkbuf_16)
    12    0.03                           clknet_2_2__leaf_clk (net)
                  0.09    0.00   10.59 ^ _325_/CLK (sky130_fd_sc_hd__dfrtp_4)
                         -0.25   10.34   clock uncertainty
                          0.00   10.34   clock reconvergence pessimism
                          0.37   10.71   library recovery time
                                 10.71   data required time
-----------------------------------------------------------------------------
                                 10.71   data required time
                                 -3.30   data arrival time
-----------------------------------------------------------------------------
                                  7.41   slack (MET)


Startpoint: _334_ (rising edge-triggered flip-flop clocked by clk)
Endpoint: _320_ (rising edge-triggered flip-flop clocked by clk)
Path Group: clk
Path Type: max
Corner: Slowest

Fanout     Cap    Slew   Delay    Time   Description
-----------------------------------------------------------------------------
                          0.00    0.00   clock clk (rise edge)
                          0.00    0.00   clock source latency
                  0.13    0.09    0.09 ^ clk (in)
     1    0.02                           clk (net)
                  0.13    0.00    0.09 ^ clkbuf_0_clk/A (sky130_fd_sc_hd__clkbuf_16)
                  0.10    0.29    0.39 ^ clkbuf_0_clk/X (sky130_fd_sc_hd__clkbuf_16)
     4    0.04                           clknet_0_clk (net)
                  0.10    0.00    0.39 ^ clkbuf_2_2__f_clk/A (sky130_fd_sc_hd__clkbuf_16)
                  0.09    0.26    0.65 ^ clkbuf_2_2__f_clk/X (sky130_fd_sc_hd__clkbuf_16)
    12    0.03                           clknet_2_2__leaf_clk (net)
                  0.09    0.00    0.66 ^ _334_/CLK (sky130_fd_sc_hd__dfrtp_1)
                  0.11    0.82    1.47 v _334_/Q (sky130_fd_sc_hd__dfrtp_1)
     2    0.01                           input_buffer_inst.bit_count[7] (net)
                  0.11    0.00    1.47 v _153_/A (sky130_fd_sc_hd__or4_2)
                  0.32    1.83    3.31 v _153_/X (sky130_fd_sc_hd__or4_2)
     4    0.02                           _083_ (net)
                  0.32    0.00    3.31 v _167_/B (sky130_fd_sc_hd__or4b_1)
                  0.18    1.32    4.62 v _167_/X (sky130_fd_sc_hd__or4b_1)
     1    0.00                           _093_ (net)
                  0.18    0.00    4.63 v _168_/A (sky130_fd_sc_hd__clkbuf_4)
                  0.15    0.41    5.03 v _168_/X (sky130_fd_sc_hd__clkbuf_4)
     9    0.04                           _094_ (net)
                  0.15    0.00    5.04 v _169_/S (sky130_fd_sc_hd__mux2_1)
                  0.10    0.74    5.77 v _169_/X (sky130_fd_sc_hd__mux2_1)
     1    0.00                           _095_ (net)
                  0.10    0.00    5.77 v hold31/A (sky130_fd_sc_hd__dlygate4sd3_1)
                  0.11    1.20    6.97 v hold31/X (sky130_fd_sc_hd__dlygate4sd3_1)
     1    0.00                           net36 (net)
                  0.11    0.00    6.97 v _170_/A (sky130_fd_sc_hd__clkbuf_1)
                  0.05    0.19    7.16 v _170_/X (sky130_fd_sc_hd__clkbuf_1)
     1    0.00                           _065_ (net)
                  0.05    0.00    7.17 v _320_/D (sky130_fd_sc_hd__dfrtp_1)
                                  7.17   data arrival time

                         10.00   10.00   clock clk (rise edge)
                          0.00   10.00   clock source latency
                  0.13    0.09   10.09 ^ clk (in)
     1    0.02                           clk (net)
                  0.13    0.00   10.09 ^ clkbuf_0_clk/A (sky130_fd_sc_hd__clkbuf_16)
                  0.10    0.26   10.35 ^ clkbuf_0_clk/X (sky130_fd_sc_hd__clkbuf_16)
     4    0.04                           clknet_0_clk (net)
                  0.10    0.00   10.35 ^ clkbuf_2_0__f_clk/A (sky130_fd_sc_hd__clkbuf_16)
                  0.09    0.24   10.60 ^ clkbuf_2_0__f_clk/X (sky130_fd_sc_hd__clkbuf_16)
    13    0.04                           clknet_2_0__leaf_clk (net)
                  0.09    0.00   10.60 ^ _320_/CLK (sky130_fd_sc_hd__dfrtp_1)
                         -0.25   10.35   clock uncertainty
                          0.04   10.38   clock reconvergence pessimism
                         -0.26   10.12   library setup time
                                 10.12   data required time
-----------------------------------------------------------------------------
                                 10.12   data required time
                                 -7.17   data arrival time
-----------------------------------------------------------------------------
                                  2.95   slack (MET)



======================= Typical Corner ===================================

Startpoint: reset (input port clocked by clk)
Endpoint: _325_ (recovery check against rising-edge clock clk)
Path Group: asynchronous
Path Type: max
Corner: Typical

Fanout     Cap    Slew   Delay    Time   Description
-----------------------------------------------------------------------------
                          0.00    0.00   clock clk (rise edge)
                          0.00    0.00   clock network delay (propagated)
                          2.00    2.00 ^ input external delay
                  0.02    0.02    2.02 ^ reset (in)
     1    0.00                           reset (net)
                  0.02    0.00    2.02 ^ input1/A (sky130_fd_sc_hd__buf_1)
                  0.16    0.16    2.17 ^ input1/X (sky130_fd_sc_hd__buf_1)
     2    0.01                           net1 (net)
                  0.16    0.00    2.18 ^ fanout5/A (sky130_fd_sc_hd__clkbuf_4)
                  0.18    0.28    2.46 ^ fanout5/X (sky130_fd_sc_hd__clkbuf_4)
    10    0.06                           net5 (net)
                  0.18    0.00    2.46 ^ fanout4/A (sky130_fd_sc_hd__clkbuf_4)
                  0.16    0.28    2.74 ^ fanout4/X (sky130_fd_sc_hd__clkbuf_4)
    10    0.05                           net4 (net)
                  0.16    0.00    2.75 ^ _325_/RESET_B (sky130_fd_sc_hd__dfrtp_4)
                                  2.75   data arrival time

                         10.00   10.00   clock clk (rise edge)
                          0.00   10.00   clock source latency
                  0.08    0.06   10.06 ^ clk (in)
     1    0.02                           clk (net)
                  0.08    0.00   10.06 ^ clkbuf_0_clk/A (sky130_fd_sc_hd__clkbuf_16)
                  0.06    0.15   10.20 ^ clkbuf_0_clk/X (sky130_fd_sc_hd__clkbuf_16)
     4    0.04                           clknet_0_clk (net)
                  0.06    0.00   10.21 ^ clkbuf_2_2__f_clk/A (sky130_fd_sc_hd__clkbuf_16)
                  0.06    0.14   10.34 ^ clkbuf_2_2__f_clk/X (sky130_fd_sc_hd__clkbuf_16)
    12    0.03                           clknet_2_2__leaf_clk (net)
                  0.06    0.00   10.34 ^ _325_/CLK (sky130_fd_sc_hd__dfrtp_4)
                         -0.25   10.09   clock uncertainty
                          0.00   10.09   clock reconvergence pessimism
                          0.18   10.28   library recovery time
                                 10.28   data required time
-----------------------------------------------------------------------------
                                 10.28   data required time
                                 -2.75   data arrival time
-----------------------------------------------------------------------------
                                  7.53   slack (MET)


Startpoint: _334_ (rising edge-triggered flip-flop clocked by clk)
Endpoint: _320_ (rising edge-triggered flip-flop clocked by clk)
Path Group: clk
Path Type: max
Corner: Typical

Fanout     Cap    Slew   Delay    Time   Description
-----------------------------------------------------------------------------
                          0.00    0.00   clock clk (rise edge)
                          0.00    0.00   clock source latency
                  0.08    0.06    0.06 ^ clk (in)
     1    0.02                           clk (net)
                  0.08    0.00    0.06 ^ clkbuf_0_clk/A (sky130_fd_sc_hd__clkbuf_16)
                  0.06    0.16    0.22 ^ clkbuf_0_clk/X (sky130_fd_sc_hd__clkbuf_16)
     4    0.04                           clknet_0_clk (net)
                  0.06    0.00    0.23 ^ clkbuf_2_2__f_clk/A (sky130_fd_sc_hd__clkbuf_16)
                  0.06    0.15    0.38 ^ clkbuf_2_2__f_clk/X (sky130_fd_sc_hd__clkbuf_16)
    12    0.03                           clknet_2_2__leaf_clk (net)
                  0.06    0.00    0.38 ^ _334_/CLK (sky130_fd_sc_hd__dfrtp_1)
                  0.06    0.40    0.78 v _334_/Q (sky130_fd_sc_hd__dfrtp_1)
     2    0.01                           input_buffer_inst.bit_count[7] (net)
                  0.06    0.00    0.78 v _153_/A (sky130_fd_sc_hd__or4_2)
                  0.15    0.78    1.55 v _153_/X (sky130_fd_sc_hd__or4_2)
     4    0.02                           _083_ (net)
                  0.15    0.00    1.55 v _167_/B (sky130_fd_sc_hd__or4b_1)
                  0.08    0.55    2.11 v _167_/X (sky130_fd_sc_hd__or4b_1)
     1    0.00                           _093_ (net)
                  0.08    0.00    2.11 v _168_/A (sky130_fd_sc_hd__clkbuf_4)
                  0.09    0.22    2.33 v _168_/X (sky130_fd_sc_hd__clkbuf_4)
     9    0.04                           _094_ (net)
                  0.09    0.00    2.33 v _169_/S (sky130_fd_sc_hd__mux2_1)
                  0.05    0.33    2.65 v _169_/X (sky130_fd_sc_hd__mux2_1)
     1    0.00                           _095_ (net)
                  0.05    0.00    2.65 v hold31/A (sky130_fd_sc_hd__dlygate4sd3_1)
                  0.06    0.58    3.24 v hold31/X (sky130_fd_sc_hd__dlygate4sd3_1)
     1    0.00                           net36 (net)
                  0.06    0.00    3.24 v _170_/A (sky130_fd_sc_hd__clkbuf_1)
                  0.03    0.10    3.34 v _170_/X (sky130_fd_sc_hd__clkbuf_1)
     1    0.00                           _065_ (net)
                  0.03    0.00    3.34 v _320_/D (sky130_fd_sc_hd__dfrtp_1)
                                  3.34   data arrival time

                         10.00   10.00   clock clk (rise edge)
                          0.00   10.00   clock source latency
                  0.08    0.06   10.06 ^ clk (in)
     1    0.02                           clk (net)
                  0.08    0.00   10.06 ^ clkbuf_0_clk/A (sky130_fd_sc_hd__clkbuf_16)
                  0.06    0.15   10.20 ^ clkbuf_0_clk/X (sky130_fd_sc_hd__clkbuf_16)
     4    0.04                           clknet_0_clk (net)
                  0.06    0.00   10.21 ^ clkbuf_2_0__f_clk/A (sky130_fd_sc_hd__clkbuf_16)
                  0.06    0.14   10.34 ^ clkbuf_2_0__f_clk/X (sky130_fd_sc_hd__clkbuf_16)
    13    0.04                           clknet_2_0__leaf_clk (net)
                  0.06    0.00   10.35 ^ _320_/CLK (sky130_fd_sc_hd__dfrtp_1)
                         -0.25   10.10   clock uncertainty
                          0.02   10.12   clock reconvergence pessimism
                         -0.10   10.01   library setup time
                                 10.01   data required time
-----------------------------------------------------------------------------
                                 10.01   data required time
                                 -3.34   data arrival time
-----------------------------------------------------------------------------
                                  6.68   slack (MET)




===========================================================================
report_checks --slack_max -0.01
============================================================================
======================= Fastest Corner ===================================

No paths found.

======================= Slowest Corner ===================================

No paths found.

======================= Typical Corner ===================================

No paths found.


===========================================================================
 report_check_types -max_slew -max_cap -max_fanout -violators
============================================================================
======================= Fastest Corner ===================================

max fanout

Pin                                   Limit Fanout  Slack
---------------------------------------------------------
clkbuf_2_1__f_clk/X                      10     14     -4 (VIOLATED)
clkbuf_2_0__f_clk/X                      10     13     -3 (VIOLATED)
clkbuf_2_2__f_clk/X                      10     12     -2 (VIOLATED)


======================= Slowest Corner ===================================

max fanout

Pin                                   Limit Fanout  Slack
---------------------------------------------------------
clkbuf_2_1__f_clk/X                      10     14     -4 (VIOLATED)
clkbuf_2_0__f_clk/X                      10     13     -3 (VIOLATED)
clkbuf_2_2__f_clk/X                      10     12     -2 (VIOLATED)


======================= Typical Corner ===================================

max fanout

Pin                                   Limit Fanout  Slack
---------------------------------------------------------
clkbuf_2_1__f_clk/X                      10     14     -4 (VIOLATED)
clkbuf_2_0__f_clk/X                      10     13     -3 (VIOLATED)
clkbuf_2_2__f_clk/X                      10     12     -2 (VIOLATED)



===========================================================================
report_parasitic_annotation -report_unannotated
============================================================================
Found 0 unannotated drivers.
Found 0 partially unannotated drivers.

===========================================================================
max slew violation count 0
max fanout violation count 3
max cap violation count 0
============================================================================

===========================================================================
check_setup -verbose -unconstrained_endpoints -multiple_clock -no_clock -no_input_delay -loops -generated_clocks
===========================================================================
