
===========================================================================
 report_power
============================================================================
======================= Fastest Corner ===================================

Group                  Internal  Switching    Leakage      Total
                          Power      Power      Power      Power (Watts)
----------------------------------------------------------------
Sequential             2.92e-04   6.82e-05   2.23e-07   3.61e-04  44.3%
Combinational          2.84e-04   1.70e-04   2.42e-09   4.54e-04  55.7%
Macro                  0.00e+00   0.00e+00   0.00e+00   0.00e+00   0.0%
Pad                    0.00e+00   0.00e+00   0.00e+00   0.00e+00   0.0%
----------------------------------------------------------------
Total                  5.76e-04   2.38e-04   2.26e-07   8.15e-04 100.0%
                          70.8%      29.2%       0.0%

======================= Slowest Corner ===================================

Group                  Internal  Switching    Leakage      Total
                          Power      Power      Power      Power (Watts)
----------------------------------------------------------------
Sequential             1.96e-04   4.44e-05   8.91e-07   2.41e-04  43.6%
Combinational          2.02e-04   1.09e-04   1.02e-06   3.13e-04  56.4%
Macro                  0.00e+00   0.00e+00   0.00e+00   0.00e+00   0.0%
Pad                    0.00e+00   0.00e+00   0.00e+00   0.00e+00   0.0%
----------------------------------------------------------------
Total                  3.98e-04   1.54e-04   1.91e-06   5.54e-04 100.0%
                          71.9%      27.7%       0.3%

======================= Typical Corner ===================================

Group                  Internal  Switching    Leakage      Total
                          Power      Power      Power      Power (Watts)
----------------------------------------------------------------
Sequential             2.53e-04   5.71e-05   2.23e-07   3.10e-04  44.2%
Combinational          2.50e-04   1.42e-04   1.09e-09   3.92e-04  55.8%
Macro                  0.00e+00   0.00e+00   0.00e+00   0.00e+00   0.0%
Pad                    0.00e+00   0.00e+00   0.00e+00   0.00e+00   0.0%
----------------------------------------------------------------
Total                  5.03e-04   1.99e-04   2.24e-07   7.02e-04 100.0%
                          71.6%      28.3%       0.0%

