
===========================================================================
report_checks -unconstrained
===========================================================================
======================= Typical Corner ===================================

Startpoint: reset (input port clocked by clk)
Endpoint: _325_ (recovery check against rising-edge clock clk)
Path Group: asynchronous
Path Type: max

Fanout     Cap    Slew   Delay    Time   Description
-----------------------------------------------------------------------------
                          0.00    0.00   clock clk (rise edge)
                          0.00    0.00   clock network delay (propagated)
                          2.00    2.00 ^ input external delay
                  0.02    0.01    2.01 ^ reset (in)
     1    0.00                           reset (net)
                  0.02    0.00    2.01 ^ input1/A (sky130_fd_sc_hd__buf_1)
                  0.15    0.15    2.17 ^ input1/X (sky130_fd_sc_hd__buf_1)
     2    0.01                           net1 (net)
                  0.15    0.00    2.17 ^ fanout5/A (sky130_fd_sc_hd__clkbuf_4)
                  0.17    0.28    2.45 ^ fanout5/X (sky130_fd_sc_hd__clkbuf_4)
    10    0.06                           net5 (net)
                  0.17    0.00    2.45 ^ fanout4/A (sky130_fd_sc_hd__clkbuf_4)
                  0.16    0.28    2.72 ^ fanout4/X (sky130_fd_sc_hd__clkbuf_4)
    10    0.05                           net4 (net)
                  0.16    0.00    2.73 ^ _325_/RESET_B (sky130_fd_sc_hd__dfrtp_4)
                                  2.73   data arrival time

                         10.00   10.00   clock clk (rise edge)
                          0.00   10.00   clock source latency
                  0.08    0.05   10.05 ^ clk (in)
     1    0.02                           clk (net)
                  0.08    0.00   10.05 ^ clkbuf_0_clk/A (sky130_fd_sc_hd__clkbuf_16)
                  0.06    0.15   10.20 ^ clkbuf_0_clk/X (sky130_fd_sc_hd__clkbuf_16)
     4    0.04                           clknet_0_clk (net)
                  0.06    0.00   10.20 ^ clkbuf_2_2__f_clk/A (sky130_fd_sc_hd__clkbuf_16)
                  0.05    0.14   10.34 ^ clkbuf_2_2__f_clk/X (sky130_fd_sc_hd__clkbuf_16)
    12    0.03                           clknet_2_2__leaf_clk (net)
                  0.05    0.00   10.34 ^ _325_/CLK (sky130_fd_sc_hd__dfrtp_4)
                         -0.25   10.09   clock uncertainty
                          0.00   10.09   clock reconvergence pessimism
                          0.18   10.27   library recovery time
                                 10.27   data required time
-----------------------------------------------------------------------------
                                 10.27   data required time
                                 -2.73   data arrival time
-----------------------------------------------------------------------------
                                  7.54   slack (MET)


Startpoint: _334_ (rising edge-triggered flip-flop clocked by clk)
Endpoint: _320_ (rising edge-triggered flip-flop clocked by clk)
Path Group: clk
Path Type: max

Fanout     Cap    Slew   Delay    Time   Description
-----------------------------------------------------------------------------
                          0.00    0.00   clock clk (rise edge)
                          0.00    0.00   clock source latency
                  0.08    0.06    0.06 ^ clk (in)
     1    0.02                           clk (net)
                  0.08    0.00    0.06 ^ clkbuf_0_clk/A (sky130_fd_sc_hd__clkbuf_16)
                  0.06    0.16    0.22 ^ clkbuf_0_clk/X (sky130_fd_sc_hd__clkbuf_16)
     4    0.04                           clknet_0_clk (net)
                  0.06    0.00    0.22 ^ clkbuf_2_2__f_clk/A (sky130_fd_sc_hd__clkbuf_16)
                  0.05    0.15    0.37 ^ clkbuf_2_2__f_clk/X (sky130_fd_sc_hd__clkbuf_16)
    12    0.03                           clknet_2_2__leaf_clk (net)
                  0.05    0.00    0.37 ^ _334_/CLK (sky130_fd_sc_hd__dfrtp_1)
                  0.05    0.39    0.77 v _334_/Q (sky130_fd_sc_hd__dfrtp_1)
     2    0.01                           input_buffer_inst.bit_count[7] (net)
                  0.05    0.00    0.77 v _153_/A (sky130_fd_sc_hd__or4_2)
                  0.15    0.77    1.54 v _153_/X (sky130_fd_sc_hd__or4_2)
     4    0.02                           _083_ (net)
                  0.15    0.00    1.54 v _167_/B (sky130_fd_sc_hd__or4b_1)
                  0.08    0.55    2.09 v _167_/X (sky130_fd_sc_hd__or4b_1)
     1    0.00                           _093_ (net)
                  0.08    0.00    2.09 v _168_/A (sky130_fd_sc_hd__clkbuf_4)
                  0.09    0.22    2.31 v _168_/X (sky130_fd_sc_hd__clkbuf_4)
     9    0.04                           _094_ (net)
                  0.09    0.00    2.31 v _169_/S (sky130_fd_sc_hd__mux2_1)
                  0.05    0.32    2.64 v _169_/X (sky130_fd_sc_hd__mux2_1)
     1    0.00                           _095_ (net)
                  0.05    0.00    2.64 v hold31/A (sky130_fd_sc_hd__dlygate4sd3_1)
                  0.05    0.58    3.22 v hold31/X (sky130_fd_sc_hd__dlygate4sd3_1)
     1    0.00                           net36 (net)
                  0.05    0.00    3.22 v _170_/A (sky130_fd_sc_hd__clkbuf_1)
                  0.03    0.10    3.31 v _170_/X (sky130_fd_sc_hd__clkbuf_1)
     1    0.00                           _065_ (net)
                  0.03    0.00    3.31 v _320_/D (sky130_fd_sc_hd__dfrtp_1)
                                  3.31   data arrival time

                         10.00   10.00   clock clk (rise edge)
                          0.00   10.00   clock source latency
                  0.08    0.05   10.05 ^ clk (in)
     1    0.02                           clk (net)
                  0.08    0.00   10.05 ^ clkbuf_0_clk/A (sky130_fd_sc_hd__clkbuf_16)
                  0.06    0.15   10.20 ^ clkbuf_0_clk/X (sky130_fd_sc_hd__clkbuf_16)
     4    0.04                           clknet_0_clk (net)
                  0.06    0.00   10.20 ^ clkbuf_2_0__f_clk/A (sky130_fd_sc_hd__clkbuf_16)
                  0.06    0.14   10.34 ^ clkbuf_2_0__f_clk/X (sky130_fd_sc_hd__clkbuf_16)
    13    0.04                           clknet_2_0__leaf_clk (net)
                  0.06    0.00   10.34 ^ _320_/CLK (sky130_fd_sc_hd__dfrtp_1)
                         -0.25   10.09   clock uncertainty
                          0.02   10.11   clock reconvergence pessimism
                         -0.10   10.01   library setup time
                                 10.01   data required time
-----------------------------------------------------------------------------
                                 10.01   data required time
                                 -3.31   data arrival time
-----------------------------------------------------------------------------
                                  6.69   slack (MET)




===========================================================================
report_checks --slack_max -0.01
============================================================================
======================= Typical Corner ===================================

No paths found.


===========================================================================
 report_check_types -max_slew -max_cap -max_fanout -violators
============================================================================
======================= Typical Corner ===================================

max fanout

Pin                                   Limit Fanout  Slack
---------------------------------------------------------
clkbuf_2_1__f_clk/X                      10     14     -4 (VIOLATED)
clkbuf_2_0__f_clk/X                      10     13     -3 (VIOLATED)
clkbuf_2_2__f_clk/X                      10     12     -2 (VIOLATED)



===========================================================================
report_parasitic_annotation -report_unannotated
============================================================================
Found 0 unannotated drivers.
Found 0 partially unannotated drivers.

===========================================================================
max slew violation count 0
max fanout violation count 3
max cap violation count 0
============================================================================

===========================================================================
check_setup -verbose -unconstrained_endpoints -multiple_clock -no_clock -no_input_delay -loops -generated_clocks
===========================================================================
