Instance name,  X location,  Y location,  Voltage 
input1, 67.18, 70.72, 0.000162811
FILLER_0_21_133, 67.18, 70.72, 0.000162811
_281_, 67.18, 65.28, 0.000168559
FILLER_0_19_131, 67.18, 65.28, 0.000168559
FILLER_0_20_130, 67.18, 65.28, 0.000168559
FILLER_0_17_133, 67.18, 59.84, 0.000163924
FILLER_0_19_139, 67.18, 59.84, 0.000163924
FILLER_0_16_132, 67.18, 54.4, 0.000168285
_205_, 67.18, 48.96, 0.000188915
hold15, 67.18, 48.96, 0.000188915
FILLER_0_15_136, 67.18, 48.96, 0.000188915
_238_, 67.18, 43.52, 0.000159923
_239_, 67.18, 43.52, 0.000159923
_204_, 67.18, 38.08, 0.000174261
_237_, 67.18, 38.08, 0.000174261
hold7, 67.18, 38.08, 0.000174261
_236_, 67.18, 32.64, 0.000189094
hold17, 67.18, 32.64, 0.000189094
FILLER_0_9_139, 67.18, 32.64, 0.000189094
_235_, 67.18, 27.2, 0.000202619
hold11, 67.18, 27.2, 0.000202619
hold18, 67.18, 27.2, 0.000202619
FILLER_0_6_135, 67.18, 27.2, 0.000202619
_234_, 67.18, 21.76, 0.000179855
FILLER_0_5_138, 67.18, 21.76, 0.000179855
_209_, 67.18, 16.32, 0.000198089
_231_, 67.18, 16.32, 0.000198089
hold16, 67.18, 16.32, 0.000198089
_211_, 67.18, 10.88, 0.000178261
_232_, 67.18, 10.88, 0.000178261
_233_, 67.18, 10.88, 0.000178261
input2, 67.18, 10.88, 0.000178261
_158_, 50.505, 70.72, 0.000167067
_282_, 50.505, 70.72, 0.000167067
hold21, 50.505, 70.72, 0.000167067
FILLER_0_23_105, 50.505, 70.72, 0.000167067
_159_, 50.505, 65.28, 0.000182243
_328_, 50.505, 65.28, 0.000182243
hold41, 50.505, 65.28, 0.000182243
_167_, 50.505, 59.84, 0.000174469
_283_, 50.505, 59.84, 0.000174469
_327_, 50.505, 59.84, 0.000174469
FILLER_0_17_93, 50.505, 59.84, 0.000174469
_162_, 50.505, 54.4, 0.000193936
_163_, 50.505, 54.4, 0.000193936
_164_, 50.505, 54.4, 0.000193936
_168_, 50.505, 54.4, 0.000193936
_171_, 50.505, 54.4, 0.000193936
_173_, 50.505, 48.96, 0.000194383
_253_, 50.505, 48.96, 0.000194383
hold37, 50.505, 48.96, 0.000194383
_172_, 50.505, 43.52, 0.000162357
_176_, 50.505, 43.52, 0.000162357
_201_, 50.505, 43.52, 0.000162357
_202_, 50.505, 43.52, 0.000162357
_203_, 50.505, 43.52, 0.000162357
_258_, 50.505, 43.52, 0.000162357
FILLER_0_11_97, 50.505, 43.52, 0.000162357
_175_, 50.505, 38.08, 0.000178971
hold8, 50.505, 38.08, 0.000178971
hold42, 50.505, 38.08, 0.000178971
_198_, 50.505, 32.64, 0.000198728
_207_, 50.505, 32.64, 0.000198728
_305_, 50.505, 32.64, 0.000198728
FILLER_0_7_90, 50.505, 32.64, 0.000198728
FILLER_0_8_94, 50.505, 32.64, 0.000198728
_197_, 50.505, 27.2, 0.000221616
_249_, 50.505, 27.2, 0.000221616
_251_, 50.505, 27.2, 0.000221616
_181_, 50.505, 21.76, 0.000189386
hold27, 50.505, 21.76, 0.000189386
hold36, 50.505, 21.76, 0.000189386
_183_, 50.505, 16.32, 0.000210267
_184_, 50.505, 16.32, 0.000210267
_199_, 50.505, 16.32, 0.000210267
_250_, 50.505, 16.32, 0.000210267
_304_, 50.505, 16.32, 0.000210267
_200_, 50.505, 10.88, 0.000176999
hold28, 50.505, 10.88, 0.000176999
FILLER_0_0_93, 50.505, 10.88, 0.000176999
FILLER_0_0_104, 50.505, 10.88, 0.000176999
_146_, 33.83, 76.16, 0.000155517
_150_, 33.83, 76.16, 0.000155517
FILLER_0_23_53, 33.83, 76.16, 0.000155517
_334_, 33.83, 70.72, 0.000175815
fanout4, 33.83, 70.72, 0.000175815
hold24, 33.83, 70.72, 0.000175815
FILLER_0_23_64, 33.83, 70.72, 0.000175815
_149_, 33.83, 65.28, 0.000174867
_331_, 33.83, 65.28, 0.000174867
_152_, 33.83, 59.84, 0.000167783
_153_, 33.83, 59.84, 0.000167783
FILLER_0_18_70, 33.83, 59.84, 0.000167783
hold2, 33.83, 54.4, 0.000212173
_189_, 33.83, 48.96, 0.000183323
_246_, 33.83, 48.96, 0.000183323
_309_, 33.83, 48.96, 0.000183323
FILLER_0_14_53, 33.83, 48.96, 0.000183323
FILLER_0_15_69, 33.83, 48.96, 0.000183323
_170_, 33.83, 43.52, 0.000155616
_247_, 33.83, 43.52, 0.000155616
_310_, 33.83, 43.52, 0.000155616
FILLER_0_11_57, 33.83, 43.52, 0.000155616
_244_, 33.83, 38.08, 0.000197202
clkbuf_0_clk, 33.83, 38.08, 0.000197202
hold35, 33.83, 38.08, 0.000197202
_191_, 33.83, 32.64, 0.000192507
_193_, 33.83, 32.64, 0.000192507
_316_, 33.83, 32.64, 0.000192507
_320_, 33.83, 32.64, 0.000192507
FILLER_0_5_53, 33.83, 27.2, 0.000225982
FILLER_0_6_65, 33.83, 27.2, 0.000225982
FILLER_0_7_66, 33.83, 27.2, 0.000225982
_185_, 33.83, 21.76, 0.000184023
_186_, 33.83, 21.76, 0.000184023
_195_, 33.83, 21.76, 0.000184023
_248_, 33.83, 21.76, 0.000184023
_311_, 33.83, 21.76, 0.000184023
FILLER_0_5_69, 33.83, 21.76, 0.000184023
_196_, 33.83, 16.32, 0.000207836
_315_, 33.83, 16.32, 0.000207836
_242_, 33.83, 10.88, 0.000165918
_243_, 33.83, 10.88, 0.000165918
FILLER_0_0_53, 33.83, 10.88, 0.000165918
FILLER_0_19_15, 17.155, 65.28, 0.000163965
FILLER_0_19_23, 17.155, 65.28, 0.000163965
FILLER_0_20_29, 17.155, 65.28, 0.000163965
FILLER_0_21_27, 17.155, 65.28, 0.000163965
_263_, 17.155, 59.84, 0.000176357
_326_, 17.155, 59.84, 0.000176357
hold4, 17.155, 59.84, 0.000176357
hold19, 17.155, 59.84, 0.000176357
clkbuf_2_2__f_clk, 17.155, 54.4, 0.000264931
hold1, 17.155, 54.4, 0.000264931
_213_, 17.155, 48.96, 0.000181108
_225_, 17.155, 48.96, 0.000181108
_273_, 17.155, 43.52, 0.000163129
_275_, 17.155, 43.52, 0.000163129
FILLER_0_12_14, 17.155, 43.52, 0.000163129
_221_, 17.155, 38.08, 0.000173906
_272_, 17.155, 38.08, 0.000173906
_276_, 17.155, 38.08, 0.000173906
_277_, 17.155, 38.08, 0.000173906
FILLER_0_10_14, 17.155, 38.08, 0.000173906
_223_, 17.155, 32.64, 0.000208679
_269_, 17.155, 32.64, 0.000208679
_274_, 17.155, 32.64, 0.000208679
_289_, 17.155, 32.64, 0.000208679
FILLER_0_7_14, 17.155, 32.64, 0.000208679
_217_, 17.155, 27.2, 0.000211239
_218_, 17.155, 27.2, 0.000211239
_215_, 17.155, 21.76, 0.000183064
_230_, 17.155, 21.76, 0.000183064
_290_, 17.155, 21.76, 0.000183064
FILLER_0_4_23, 17.155, 21.76, 0.000183064
FILLER_0_5_27, 17.155, 21.76, 0.000183064
_219_, 17.155, 16.32, 0.0002208
_220_, 17.155, 16.32, 0.0002208
_295_, 17.155, 16.32, 0.0002208
hold6, 17.155, 16.32, 0.0002208
FILLER_0_1_19, 17.155, 16.32, 0.0002208
_266_, 17.155, 10.88, 0.000169312
_278_, 17.155, 10.88, 0.000169312
FILLER_0_0_25, 17.155, 10.88, 0.000169312
FILLER_0_1_30, 17.155, 10.88, 0.000169312
PHY_46, 5.52, 76.16, 0.000156111
PHY_47, 72.22, 76.16, 0.000156099
FILLER_0_23_74, 42.167, 76.16, 0.000155887
PHY_42, 5.52, 70.72, 0.000171209
PHY_44, 5.52, 70.72, 0.000171209
PHY_43, 72.22, 70.72, 0.000162811
PHY_45, 72.22, 70.72, 0.000162811
_286_, 25.492, 70.72, 0.000183448
_332_, 25.492, 70.72, 0.000183448
_333_, 25.492, 70.72, 0.000183448
FILLER_0_22_41, 25.492, 70.72, 0.000183448
_156_, 42.167, 70.72, 0.000173602
_287_, 42.167, 70.72, 0.000173602
fanout5, 42.167, 70.72, 0.000173602
hold25, 42.167, 70.72, 0.000173602
_154_, 58.842, 70.72, 0.000167884
hold40, 58.842, 70.72, 0.000167884
FILLER_0_21_109, 58.842, 70.72, 0.000167884
PHY_38, 5.52, 65.28, 0.000163965
PHY_40, 5.52, 65.28, 0.000163965
PHY_39, 72.22, 65.28, 0.000168559
PHY_41, 72.22, 65.28, 0.000168559
_147_, 25.492, 65.28, 0.00017063
_148_, 25.492, 65.28, 0.00017063
_285_, 25.492, 65.28, 0.00017063
hold22, 25.492, 65.28, 0.00017063
_145_, 42.167, 65.28, 0.000188581
_151_, 42.167, 65.28, 0.000188581
_329_, 42.167, 65.28, 0.000188581
_330_, 42.167, 65.28, 0.000188581
_157_, 58.842, 65.28, 0.000179095
hold32, 58.842, 65.28, 0.000179095
PHY_34, 5.52, 59.84, 0.000176357
PHY_36, 5.52, 59.84, 0.000176357
PHY_35, 72.22, 59.84, 0.000163924
PHY_37, 72.22, 59.84, 0.000163924
_261_, 25.492, 59.84, 0.000174395
_279_, 25.492, 59.84, 0.000174395
hold3, 25.492, 59.84, 0.000174395
hold9, 25.492, 59.84, 0.000174395
_155_, 42.167, 59.84, 0.000172984
_284_, 42.167, 59.84, 0.000172984
hold20, 42.167, 59.84, 0.000172984
FILLER_0_18_81, 42.167, 59.84, 0.000172984
FILLER_0_18_85, 42.167, 59.84, 0.000172984
_160_, 58.842, 59.84, 0.000171856
_165_, 58.842, 59.84, 0.000171856
_166_, 58.842, 59.84, 0.000171856
_322_, 5.52, 54.4, 0.00031695
_325_, 5.52, 54.4, 0.00031695
PHY_30, 5.52, 54.4, 0.00031695
PHY_32, 5.52, 54.4, 0.00031695
FILLER_0_16_3, 5.52, 54.4, 0.00031695
FILLER_0_17_3, 5.52, 54.4, 0.00031695
PHY_31, 72.22, 54.4, 0.000168285
PHY_33, 72.22, 54.4, 0.000168285
_262_, 25.492, 54.4, 0.000250977
_321_, 25.492, 54.4, 0.000250977
_324_, 25.492, 54.4, 0.000250977
hold10, 25.492, 54.4, 0.000250977
_257_, 42.167, 54.4, 0.00023026
clkbuf_2_3__f_clk, 42.167, 54.4, 0.00023026
FILLER_0_16_77, 42.167, 54.4, 0.00023026
FILLER_0_16_88, 42.167, 54.4, 0.00023026
_144_, 58.842, 54.4, 0.000181285
_280_, 58.842, 54.4, 0.000181285
FILLER_0_15_113, 58.842, 54.4, 0.000181285
_227_, 5.52, 48.96, 0.000210848
_228_, 5.52, 48.96, 0.000210848
_294_, 5.52, 48.96, 0.000210848
PHY_26, 5.52, 48.96, 0.000210848
PHY_28, 5.52, 48.96, 0.000210848
FILLER_0_14_3, 5.52, 48.96, 0.000210848
PHY_27, 72.22, 48.96, 0.000188915
PHY_29, 72.22, 48.96, 0.000188915
_188_, 25.492, 48.96, 0.000186858
_190_, 25.492, 48.96, 0.000186858
_214_, 25.492, 48.96, 0.000186858
_259_, 25.492, 48.96, 0.000186858
_260_, 25.492, 48.96, 0.000186858
_174_, 42.167, 48.96, 0.000203601
_318_, 42.167, 48.96, 0.000203601
_319_, 42.167, 48.96, 0.000203601
_302_, 58.842, 48.96, 0.000209883
hold13, 58.842, 48.96, 0.000209883
hold14, 58.842, 48.96, 0.000209883
hold38, 58.842, 48.96, 0.000209883
FILLER_0_14_113, 58.842, 48.96, 0.000209883
_226_, 5.52, 43.52, 0.00018773
_293_, 5.52, 43.52, 0.00018773
PHY_22, 5.52, 43.52, 0.00018773
PHY_24, 5.52, 43.52, 0.00018773
FILLER_0_12_3, 5.52, 43.52, 0.00018773
PHY_23, 72.22, 43.52, 0.000159923
PHY_25, 72.22, 43.52, 0.000159923
_187_, 42.167, 43.52, 0.000165005
hold23, 42.167, 43.52, 0.000165005
_206_, 58.842, 43.52, 0.000171117
_301_, 58.842, 43.52, 0.000171117
FILLER_0_11_113, 58.842, 43.52, 0.000171117
_222_, 5.52, 38.08, 0.000177564
PHY_18, 5.52, 38.08, 0.000177564
PHY_20, 5.52, 38.08, 0.000177564
FILLER_0_10_3, 5.52, 38.08, 0.000177564
PHY_19, 72.22, 38.08, 0.000174261
PHY_21, 72.22, 38.08, 0.000174261
_271_, 25.492, 38.08, 0.000205097
_307_, 25.492, 38.08, 0.000205097
_308_, 25.492, 38.08, 0.000205097
FILLER_0_10_44, 25.492, 38.08, 0.000205097
FILLER_0_11_47, 25.492, 38.08, 0.000205097
_169_, 42.167, 38.08, 0.000193124
_254_, 42.167, 38.08, 0.000193124
_256_, 42.167, 38.08, 0.000193124
hold31, 42.167, 38.08, 0.000193124
_255_, 58.842, 38.08, 0.000187432
_303_, 58.842, 38.08, 0.000187432
hold30, 58.842, 38.08, 0.000187432
FILLER_0_9_113, 58.842, 38.08, 0.000187432
_291_, 5.52, 32.64, 0.000250502
_292_, 5.52, 32.64, 0.000250502
PHY_14, 5.52, 32.64, 0.000250502
PHY_16, 5.52, 32.64, 0.000250502
PHY_15, 72.22, 32.64, 0.000189094
PHY_17, 72.22, 32.64, 0.000189094
_194_, 25.492, 32.64, 0.000203648
_245_, 25.492, 32.64, 0.000203648
_270_, 25.492, 32.64, 0.000203648
FILLER_0_7_43, 25.492, 32.64, 0.000203648
_177_, 42.167, 32.64, 0.000205728
_178_, 42.167, 32.64, 0.000205728
_317_, 42.167, 32.64, 0.000205728
FILLER_0_7_78, 42.167, 32.64, 0.000205728
_299_, 58.842, 32.64, 0.000212426
_300_, 58.842, 32.64, 0.000212426
hold26, 58.842, 32.64, 0.000212426
FILLER_0_7_108, 58.842, 32.64, 0.000212426
_224_, 5.52, 27.2, 0.000214895
PHY_10, 5.52, 27.2, 0.000214895
PHY_12, 5.52, 27.2, 0.000214895
FILLER_0_7_3, 5.52, 27.2, 0.000214895
PHY_11, 72.22, 27.2, 0.000202619
PHY_13, 72.22, 27.2, 0.000202619
_192_, 25.492, 27.2, 0.000255169
_268_, 25.492, 27.2, 0.000255169
clkbuf_2_0__f_clk, 25.492, 27.2, 0.000255169
FILLER_0_6_41, 25.492, 27.2, 0.000255169
_314_, 42.167, 27.2, 0.000271059
clkbuf_2_1__f_clk, 42.167, 27.2, 0.000271059
hold29, 42.167, 27.2, 0.000271059
hold34, 42.167, 27.2, 0.000271059
_182_, 58.842, 27.2, 0.000225047
_208_, 58.842, 27.2, 0.000225047
_210_, 58.842, 27.2, 0.000225047
_241_, 58.842, 27.2, 0.000225047
hold33, 58.842, 27.2, 0.000225047
hold39, 58.842, 27.2, 0.000225047
_216_, 5.52, 21.76, 0.00018676
PHY_6, 5.52, 21.76, 0.00018676
PHY_8, 5.52, 21.76, 0.00018676
FILLER_0_4_3, 5.52, 21.76, 0.00018676
PHY_7, 72.22, 21.76, 0.000179855
PHY_9, 72.22, 21.76, 0.000179855
FILLER_0_4_49, 25.492, 21.76, 0.000183544
_179_, 42.167, 21.76, 0.000189906
_180_, 42.167, 21.76, 0.000189906
_212_, 42.167, 21.76, 0.000189906
_161_, 58.842, 21.76, 0.000196181
_298_, 58.842, 21.76, 0.000196181
hold12, 58.842, 21.76, 0.000196181
FILLER_0_3_113, 58.842, 21.76, 0.000196181
_288_, 5.52, 16.32, 0.000254915
_323_, 5.52, 16.32, 0.000254915
PHY_2, 5.52, 16.32, 0.000254915
PHY_4, 5.52, 16.32, 0.000254915
PHY_3, 72.22, 16.32, 0.000198089
PHY_5, 72.22, 16.32, 0.000198089
_229_, 25.492, 16.32, 0.000226868
_267_, 25.492, 16.32, 0.000226868
_306_, 25.492, 16.32, 0.000226868
_252_, 42.167, 16.32, 0.000220296
_312_, 42.167, 16.32, 0.000220296
_313_, 42.167, 16.32, 0.000220296
_240_, 58.842, 16.32, 0.000211502
_297_, 58.842, 16.32, 0.000211502
FILLER_0_1_109, 58.842, 16.32, 0.000211502
_264_, 5.52, 10.88, 0.000177409
PHY_0, 5.52, 10.88, 0.000177409
output3, 5.52, 10.88, 0.000177409
hold5, 5.52, 10.88, 0.000177409
FILLER_0_1_3, 5.52, 10.88, 0.000177409
PHY_1, 72.22, 10.88, 0.000178261
_265_, 25.492, 10.88, 0.000169729
FILLER_0_1_49, 25.492, 10.88, 0.000169729
FILLER_0_0_81, 42.167, 10.88, 0.000171458
FILLER_0_0_85, 42.167, 10.88, 0.000171458
_296_, 58.842, 10.88, 0.000185122

