Instance name,  X location,  Y location,  Voltage 
FILLER_0_21_133, 63.88, 68, 1.79986
_165_, 63.88, 62.56, 1.79985
_166_, 63.88, 62.56, 1.79985
_281_, 63.88, 62.56, 1.79985
FILLER_0_19_131, 63.88, 62.56, 1.79985
FILLER_0_20_130, 63.88, 62.56, 1.79985
_280_, 63.88, 57.12, 1.79988
FILLER_0_17_133, 63.88, 57.12, 1.79988
hold13, 63.88, 51.68, 1.79985
FILLER_0_16_132, 63.88, 51.68, 1.79985
_205_, 63.88, 46.24, 1.79983
hold15, 63.88, 46.24, 1.79983
_239_, 63.88, 40.8, 1.7998
_255_, 63.88, 40.8, 1.7998
hold7, 63.88, 40.8, 1.7998
_204_, 63.88, 35.36, 1.79978
_299_, 63.88, 35.36, 1.79978
_241_, 63.88, 29.92, 1.79979
hold17, 63.88, 29.92, 1.79979
hold39, 63.88, 29.92, 1.79979
hold11, 63.88, 24.48, 1.79976
hold12, 63.88, 24.48, 1.79976
hold18, 63.88, 24.48, 1.79976
FILLER_0_6_135, 63.88, 24.48, 1.79976
hold16, 63.88, 19.04, 1.79975
_209_, 63.88, 13.6, 1.79977
_211_, 63.88, 13.6, 1.79977
_232_, 63.88, 13.6, 1.79977
_296_, 63.88, 13.6, 1.79977
input2, 63.88, 13.6, 1.79977
_156_, 47.205, 73.44, 1.79987
hold25, 47.205, 73.44, 1.79987
_282_, 47.205, 68, 1.79985
_329_, 47.205, 68, 1.79985
hold21, 47.205, 68, 1.79985
_155_, 47.205, 62.56, 1.79984
_283_, 47.205, 62.56, 1.79984
_328_, 47.205, 62.56, 1.79984
FILLER_0_18_85, 47.205, 62.56, 1.79984
_164_, 47.205, 57.12, 1.79987
_167_, 47.205, 57.12, 1.79987
_257_, 47.205, 57.12, 1.79987
FILLER_0_16_88, 47.205, 57.12, 1.79987
FILLER_0_17_93, 47.205, 57.12, 1.79987
_168_, 47.205, 51.68, 1.79983
_171_, 47.205, 51.68, 1.79983
_318_, 47.205, 51.68, 1.79983
_173_, 47.205, 46.24, 1.79982
hold23, 47.205, 46.24, 1.79982
_169_, 47.205, 40.8, 1.79978
_172_, 47.205, 40.8, 1.79978
_176_, 47.205, 40.8, 1.79978
_203_, 47.205, 40.8, 1.79978
_254_, 47.205, 40.8, 1.79978
_256_, 47.205, 40.8, 1.79978
_258_, 47.205, 40.8, 1.79978
FILLER_0_11_97, 47.205, 40.8, 1.79978
_175_, 47.205, 35.36, 1.79977
_177_, 47.205, 35.36, 1.79977
_317_, 47.205, 35.36, 1.79977
_197_, 47.205, 29.92, 1.79978
_198_, 47.205, 29.92, 1.79978
_314_, 47.205, 29.92, 1.79978
hold29, 47.205, 29.92, 1.79978
FILLER_0_7_90, 47.205, 29.92, 1.79978
FILLER_0_8_94, 47.205, 29.92, 1.79978
_179_, 47.205, 24.48, 1.79974
_181_, 47.205, 24.48, 1.79974
_251_, 47.205, 24.48, 1.79974
_313_, 47.205, 19.04, 1.79974
hold36, 47.205, 19.04, 1.79974
_183_, 47.205, 13.6, 1.79977
_184_, 47.205, 13.6, 1.79977
_250_, 47.205, 13.6, 1.79977
hold28, 47.205, 13.6, 1.79977
FILLER_0_0_85, 47.205, 13.6, 1.79977
FILLER_0_0_93, 47.205, 13.6, 1.79977
_146_, 30.53, 73.44, 1.79985
_150_, 30.53, 73.44, 1.79985
_332_, 30.53, 73.44, 1.79985
FILLER_0_23_53, 30.53, 73.44, 1.79985
_334_, 30.53, 68, 1.79984
hold22, 30.53, 68, 1.79984
_149_, 30.53, 62.56, 1.79984
_279_, 30.53, 62.56, 1.79984
_331_, 30.53, 62.56, 1.79984
hold3, 30.53, 62.56, 1.79984
_152_, 30.53, 57.12, 1.79985
_262_, 30.53, 57.12, 1.79985
_188_, 30.53, 51.68, 1.7998
_190_, 30.53, 51.68, 1.7998
hold2, 30.53, 51.68, 1.7998
FILLER_0_14_53, 30.53, 51.68, 1.7998
_189_, 30.53, 46.24, 1.79979
_246_, 30.53, 46.24, 1.79979
_309_, 30.53, 46.24, 1.79979
_310_, 30.53, 46.24, 1.79979
_170_, 30.53, 40.8, 1.79977
_307_, 30.53, 40.8, 1.79977
FILLER_0_11_47, 30.53, 40.8, 1.79977
FILLER_0_11_57, 30.53, 40.8, 1.79977
_194_, 30.53, 35.36, 1.79976
_244_, 30.53, 35.36, 1.79976
_245_, 30.53, 35.36, 1.79976
_316_, 30.53, 35.36, 1.79976
_191_, 30.53, 29.92, 1.79978
_192_, 30.53, 29.92, 1.79978
_193_, 30.53, 29.92, 1.79978
FILLER_0_4_49, 30.53, 24.48, 1.79972
FILLER_0_5_53, 30.53, 24.48, 1.79972
_185_, 30.53, 19.04, 1.79975
_186_, 30.53, 19.04, 1.79975
_229_, 30.53, 19.04, 1.79975
_248_, 30.53, 19.04, 1.79975
_311_, 30.53, 19.04, 1.79975
_196_, 30.53, 13.6, 1.79976
_243_, 30.53, 13.6, 1.79976
_315_, 30.53, 13.6, 1.79976
FILLER_0_0_53, 30.53, 13.6, 1.79976
FILLER_0_1_49, 30.53, 13.6, 1.79976
FILLER_0_21_27, 13.855, 68, 1.79984
_263_, 13.855, 62.56, 1.79983
_326_, 13.855, 62.56, 1.79983
hold19, 13.855, 62.56, 1.79983
FILLER_0_19_15, 13.855, 62.56, 1.79983
FILLER_0_19_23, 13.855, 62.56, 1.79983
_325_, 13.855, 57.12, 1.79982
clkbuf_2_2__f_clk, 13.855, 51.68, 1.79976
_225_, 13.855, 46.24, 1.79979
_226_, 13.855, 46.24, 1.79979
FILLER_0_12_14, 13.855, 46.24, 1.79979
_222_, 13.855, 40.8, 1.79979
_273_, 13.855, 40.8, 1.79979
_276_, 13.855, 40.8, 1.79979
FILLER_0_10_14, 13.855, 40.8, 1.79979
_221_, 13.855, 35.36, 1.79975
_272_, 13.855, 35.36, 1.79975
_274_, 13.855, 35.36, 1.79975
_218_, 13.855, 29.92, 1.79977
_223_, 13.855, 29.92, 1.79977
_224_, 13.855, 29.92, 1.79977
_269_, 13.855, 29.92, 1.79977
FILLER_0_7_14, 13.855, 29.92, 1.79977
_215_, 13.855, 24.48, 1.79973
_216_, 13.855, 24.48, 1.79973
FILLER_0_5_27, 13.855, 24.48, 1.79973
_230_, 13.855, 19.04, 1.79975
_295_, 13.855, 19.04, 1.79975
FILLER_0_4_23, 13.855, 19.04, 1.79975
_220_, 13.855, 13.6, 1.79975
_264_, 13.855, 13.6, 1.79975
_278_, 13.855, 13.6, 1.79975
hold5, 13.855, 13.6, 1.79975
hold6, 13.855, 13.6, 1.79975
FILLER_0_0_25, 13.855, 13.6, 1.79975
FILLER_0_1_19, 13.855, 13.6, 1.79975
PHY_44, 5.52, 73.44, 1.79985
PHY_46, 5.52, 73.44, 1.79985
PHY_45, 72.22, 73.44, 1.79987
PHY_47, 72.22, 73.44, 1.79987
input1, 72.22, 73.44, 1.79987
fanout4, 38.867, 73.44, 1.79986
hold24, 38.867, 73.44, 1.79986
FILLER_0_23_64, 38.867, 73.44, 1.79986
FILLER_0_23_74, 38.867, 73.44, 1.79986
_158_, 55.542, 73.44, 1.79987
FILLER_0_23_105, 55.542, 73.44, 1.79987
PHY_40, 5.52, 68, 1.79984
PHY_42, 5.52, 68, 1.79984
PHY_41, 72.22, 68, 1.79986
PHY_43, 72.22, 68, 1.79986
_286_, 22.192, 68, 1.79984
_333_, 22.192, 68, 1.79984
FILLER_0_20_29, 22.192, 68, 1.79984
FILLER_0_22_41, 22.192, 68, 1.79984
_287_, 38.867, 68, 1.79984
_330_, 38.867, 68, 1.79984
fanout5, 38.867, 68, 1.79984
_154_, 55.542, 68, 1.79986
_159_, 55.542, 68, 1.79986
hold40, 55.542, 68, 1.79986
hold41, 55.542, 68, 1.79986
FILLER_0_21_109, 55.542, 68, 1.79986
PHY_36, 5.52, 62.56, 1.79983
PHY_38, 5.52, 62.56, 1.79983
PHY_37, 72.22, 62.56, 1.79985
PHY_39, 72.22, 62.56, 1.79985
FILLER_0_19_139, 72.22, 62.56, 1.79985
_147_, 22.192, 62.56, 1.79983
_148_, 22.192, 62.56, 1.79983
_285_, 22.192, 62.56, 1.79983
hold4, 22.192, 62.56, 1.79983
_145_, 38.867, 62.56, 1.79983
_151_, 38.867, 62.56, 1.79983
_153_, 38.867, 62.56, 1.79983
hold20, 38.867, 62.56, 1.79983
FILLER_0_18_70, 38.867, 62.56, 1.79983
_157_, 55.542, 62.56, 1.79983
_327_, 55.542, 62.56, 1.79983
hold32, 55.542, 62.56, 1.79983
PHY_32, 5.52, 57.12, 1.79982
PHY_34, 5.52, 57.12, 1.79982
FILLER_0_17_3, 5.52, 57.12, 1.79982
PHY_33, 72.22, 57.12, 1.79988
PHY_35, 72.22, 57.12, 1.79988
_261_, 22.192, 57.12, 1.79983
hold1, 22.192, 57.12, 1.79983
hold9, 22.192, 57.12, 1.79983
hold10, 22.192, 57.12, 1.79983
_284_, 38.867, 57.12, 1.79986
FILLER_0_18_81, 38.867, 57.12, 1.79986
_160_, 55.542, 57.12, 1.79987
_162_, 55.542, 57.12, 1.79987
_163_, 55.542, 57.12, 1.79987
_227_, 5.52, 51.68, 1.79974
_228_, 5.52, 51.68, 1.79974
_322_, 5.52, 51.68, 1.79974
PHY_28, 5.52, 51.68, 1.79974
PHY_30, 5.52, 51.68, 1.79974
FILLER_0_16_3, 5.52, 51.68, 1.79974
PHY_29, 72.22, 51.68, 1.79985
PHY_31, 72.22, 51.68, 1.79985
FILLER_0_15_136, 72.22, 51.68, 1.79985
_213_, 22.192, 51.68, 1.79977
_214_, 22.192, 51.68, 1.79977
_321_, 22.192, 51.68, 1.79977
_324_, 22.192, 51.68, 1.79977
clkbuf_2_3__f_clk, 38.867, 51.68, 1.79979
FILLER_0_15_69, 38.867, 51.68, 1.79979
FILLER_0_16_77, 38.867, 51.68, 1.79979
_144_, 55.542, 51.68, 1.79983
_253_, 55.542, 51.68, 1.79983
hold37, 55.542, 51.68, 1.79983
hold38, 55.542, 51.68, 1.79983
FILLER_0_15_113, 55.542, 51.68, 1.79983
_293_, 5.52, 46.24, 1.79975
_294_, 5.52, 46.24, 1.79975
PHY_24, 5.52, 46.24, 1.79975
PHY_26, 5.52, 46.24, 1.79975
FILLER_0_14_3, 5.52, 46.24, 1.79975
_238_, 72.22, 46.24, 1.79983
PHY_25, 72.22, 46.24, 1.79983
PHY_27, 72.22, 46.24, 1.79983
_259_, 22.192, 46.24, 1.79979
_260_, 22.192, 46.24, 1.79979
_275_, 22.192, 46.24, 1.79979
_174_, 38.867, 46.24, 1.7998
_247_, 38.867, 46.24, 1.7998
_319_, 38.867, 46.24, 1.7998
_201_, 55.542, 46.24, 1.79981
_202_, 55.542, 46.24, 1.79981
_206_, 55.542, 46.24, 1.79981
_302_, 55.542, 46.24, 1.79981
hold14, 55.542, 46.24, 1.79981
FILLER_0_14_113, 55.542, 46.24, 1.79981
PHY_20, 5.52, 40.8, 1.79979
PHY_22, 5.52, 40.8, 1.79979
FILLER_0_12_3, 5.52, 40.8, 1.79979
_237_, 72.22, 40.8, 1.7998
PHY_21, 72.22, 40.8, 1.7998
PHY_23, 72.22, 40.8, 1.7998
_277_, 22.192, 40.8, 1.79978
_187_, 38.867, 40.8, 1.79973
clkbuf_0_clk, 38.867, 40.8, 1.79973
hold35, 38.867, 40.8, 1.79973
_301_, 55.542, 40.8, 1.79976
_303_, 55.542, 40.8, 1.79976
hold8, 55.542, 40.8, 1.79976
hold42, 55.542, 40.8, 1.79976
FILLER_0_11_113, 55.542, 40.8, 1.79976
_291_, 5.52, 35.36, 1.79974
PHY_16, 5.52, 35.36, 1.79974
PHY_18, 5.52, 35.36, 1.79974
FILLER_0_10_3, 5.52, 35.36, 1.79974
_236_, 72.22, 35.36, 1.79978
PHY_17, 72.22, 35.36, 1.79978
PHY_19, 72.22, 35.36, 1.79978
FILLER_0_9_139, 72.22, 35.36, 1.79978
_271_, 22.192, 35.36, 1.79974
_289_, 22.192, 35.36, 1.79974
_308_, 22.192, 35.36, 1.79974
FILLER_0_10_44, 22.192, 35.36, 1.79974
_320_, 38.867, 35.36, 1.79975
hold31, 38.867, 35.36, 1.79975
_207_, 55.542, 35.36, 1.79975
_300_, 55.542, 35.36, 1.79975
_305_, 55.542, 35.36, 1.79975
hold30, 55.542, 35.36, 1.79975
FILLER_0_9_113, 55.542, 35.36, 1.79975
_292_, 5.52, 29.92, 1.79975
PHY_12, 5.52, 29.92, 1.79975
PHY_14, 5.52, 29.92, 1.79975
FILLER_0_7_3, 5.52, 29.92, 1.79975
_235_, 72.22, 29.92, 1.79979
PHY_13, 72.22, 29.92, 1.79979
PHY_15, 72.22, 29.92, 1.79979
_217_, 22.192, 29.92, 1.79977
_270_, 22.192, 29.92, 1.79977
FILLER_0_7_43, 22.192, 29.92, 1.79977
_178_, 38.867, 29.92, 1.79978
FILLER_0_6_65, 38.867, 29.92, 1.79978
FILLER_0_7_66, 38.867, 29.92, 1.79978
FILLER_0_7_78, 38.867, 29.92, 1.79978
_249_, 55.542, 29.92, 1.79978
hold26, 55.542, 29.92, 1.79978
FILLER_0_7_108, 55.542, 29.92, 1.79978
PHY_8, 5.52, 24.48, 1.79973
PHY_10, 5.52, 24.48, 1.79973
_234_, 72.22, 24.48, 1.79976
PHY_9, 72.22, 24.48, 1.79976
PHY_11, 72.22, 24.48, 1.79976
FILLER_0_5_138, 72.22, 24.48, 1.79976
_268_, 22.192, 24.48, 1.79968
_290_, 22.192, 24.48, 1.79968
clkbuf_2_0__f_clk, 22.192, 24.48, 1.79968
FILLER_0_6_41, 22.192, 24.48, 1.79968
_195_, 38.867, 24.48, 1.79969
clkbuf_2_1__f_clk, 38.867, 24.48, 1.79969
hold34, 38.867, 24.48, 1.79969
FILLER_0_5_69, 38.867, 24.48, 1.79969
_182_, 55.542, 24.48, 1.79973
_208_, 55.542, 24.48, 1.79973
_210_, 55.542, 24.48, 1.79973
hold27, 55.542, 24.48, 1.79973
hold33, 55.542, 24.48, 1.79973
_288_, 5.52, 19.04, 1.79973
PHY_4, 5.52, 19.04, 1.79973
PHY_6, 5.52, 19.04, 1.79973
FILLER_0_4_3, 5.52, 19.04, 1.79973
_231_, 72.22, 19.04, 1.79975
PHY_5, 72.22, 19.04, 1.79975
PHY_7, 72.22, 19.04, 1.79975
_219_, 22.192, 19.04, 1.79975
_180_, 38.867, 19.04, 1.79974
_212_, 38.867, 19.04, 1.79974
_312_, 38.867, 19.04, 1.79974
_161_, 55.542, 19.04, 1.79972
_199_, 55.542, 19.04, 1.79972
_297_, 55.542, 19.04, 1.79972
_298_, 55.542, 19.04, 1.79972
_304_, 55.542, 19.04, 1.79972
FILLER_0_3_113, 55.542, 19.04, 1.79972
_323_, 5.52, 13.6, 1.79974
PHY_0, 5.52, 13.6, 1.79974
PHY_2, 5.52, 13.6, 1.79974
output3, 5.52, 13.6, 1.79974
FILLER_0_1_3, 5.52, 13.6, 1.79974
_233_, 72.22, 13.6, 1.79977
PHY_1, 72.22, 13.6, 1.79977
PHY_3, 72.22, 13.6, 1.79977
_265_, 22.192, 13.6, 1.79974
_266_, 22.192, 13.6, 1.79974
_267_, 22.192, 13.6, 1.79974
_306_, 22.192, 13.6, 1.79974
FILLER_0_1_30, 22.192, 13.6, 1.79974
_242_, 38.867, 13.6, 1.79976
_252_, 38.867, 13.6, 1.79976
FILLER_0_0_81, 38.867, 13.6, 1.79976
_200_, 55.542, 13.6, 1.79977
_240_, 55.542, 13.6, 1.79977
FILLER_0_0_104, 55.542, 13.6, 1.79977
FILLER_0_1_109, 55.542, 13.6, 1.79977

